14:08:56 | 91429: История (Стандарт) — Октябрь 2022, 3690, True
14:08:57 | 107820: Обществознание (Стандарт) — Октябрь 2022, 0, False
14:08:57 | 119989: Профильная математика с Артуром (Стандарт) — Октябрь 2022, 0, False
14:09:10 | 200260: Химия с Богданом (Стандарт) — Октябрь 2022, 3690, True
14:09:56 | 263537: Биология с Жанной (Про) — Октябрь 2022, 0, False
14:09:56 | 263537: Химия с Богданом (Про) — Октябрь 2022, 0, False
14:10:09 | 280688: Литература (Стандарт) — Октябрь 2022, 3690, True
14:10:13 | 286405: Математика — 10 класс (Стандарт) — Октябрь 2022, 2900, False
14:10:20 | 295180: Химия с Богданом (Про) — Октябрь 2022, 0, False
14:10:27 | 302141: Русский язык (Премиум) — Октябрь 2022, 5490, True
14:10:35 | 311810: Пакет английский язык с Шерин (Стандарт) 4 месяца октябрь-январь, 0, True
14:10:37 | 315073: Обществознание (Стандарт) — Октябрь 2022, 0, False
14:11:00 | 371900: Профильная математика с Артуром (Стандарт) — Октябрь 2022, 3690, True
14:11:05 | 382652: Профильная математика с Аделией (Стандарт) — Октябрь 2022, 3690, True
14:11:27 | 427028: Математика ОГЭ с Даниром (Стандарт) — Октябрь 2022, 0, False
14:11:28 | 427877: Профильная математика с Андреем (Стандарт) — Октябрь 2022, 3690, True
14:11:28 | 427877: Информатика (Стандарт) — Октябрь 2022, 3025, True
14:11:28 | 427877: Физика с Азатом (Стандарт) — Сентябрь 2022, 2810, True
14:11:28 | 427877: Русский язык (Стандарт) — Октябрь 2022, 3025, True
14:11:28 | 427877: Физика с Азатом (Стандарт) — Октябрь 2022, 2810, True
14:11:33 | 432983: Пакет литература — 10 класс (Стандарт) 8 месяцев октябрь-май, 20880, True
14:11:37 | 438168: Химия — 10 класс (Стандарт) — Октябрь 2022, 2440, True
14:11:43 | 446823: Литература (Стандарт) — Октябрь 2022, 2670, True
14:11:56 | 456788: Биология — 10 класс (Стандарт) — Октябрь 2022, 2900, True
14:11:59 | 459199: Химия — 10 класс (Стандарт) — Октябрь 2022, 2900, True
14:12:00 | 459949: Русский язык (Стандарт) — Октябрь 2022, 3690, True
14:12:07 | 466484: Физика с Азатом (Стандарт) — Октябрь 2022, 3690, True
14:12:15 | 473381: Обществознание (Стандарт) — Октябрь 2022, 0, False
14:12:19 | 475485: Пакет русский язык (Про) 7.5 месяцев октябрь-май, 25390, True
14:12:48 | 499892: Русский язык (Стандарт) — Октябрь 2022, 3690, True
14:12:58 | 511329: Обществознание с Ильёй — 10 класс (Стандарт) — Октябрь 2022, 2900, True
14:13:35 | 540287: Русский язык (Стандарт) — Октябрь 2022, 3025, True
14:13:57 | 560122: Физика с Максом (Стандарт) — Октябрь 2022, 0, False
14:14:09 | 569611: Математика — 10 класс (Про) — Октябрь 2022, 0, False
14:14:16 | 575440: Информатика — 10 класс (Стандарт) — Октябрь 2022, 0, False
14:14:20 | 580837: Химия с Настей (Стандарт) — Октябрь 2022, 3690, True
14:14:20 | 580837: Биология с Жанной (Стандарт) — Октябрь 2022, 3025, True
14:14:26 | 586996: Английский язык с Шерин (Премиум) — Ноябрь 2022, 0, True
14:14:50 | 647852: Информатика (Стандарт) — Октябрь 2022, 3690, False
14:14:55 | 669478: Математика ОГЭ с Даниром (Стандарт) — Октябрь 2022, 2440, False
14:14:59 | 681241: Пакет биология с Жанной (Про) 7.5 месяцев октябрь-май, 25390, False
14:15:00 | 681241: Пакет русский язык (Про) 7.5 месяцев октябрь-май, 25390, True
14:15:05 | 699082: Информатика — 10 класс (Про) — Октябрь 2022, 680, True
14:15:10 | 710662: Пакет профильная математика с Артуром (Премиум) 4 месяца октябрь-январь, 23960, False
14:15:18 | 729825: История (Стандарт) — Октябрь 2022, 3690, False
14:15:21 | 735057: Биология — 10 класс (Стандарт) — Октябрь 2022, 2440, False
14:15:24 | 741770: Химия — 10 класс (Про) — Октябрь 2022, 3580, True
14:15:29 | 748196: Пакет английский язык с Шерин (Про) 6 месяцев октябрь-март, 26940, False
14:15:29 | 748196: Пакет английский язык с Шерин (Про) 1.5 месяца апрель-май, 4040, False
14:15:32 | 751930: Математика — 10 класс (Стандарт) — Октябрь 2022, 2900, True
14:15:54 | 779285: История (Стандарт) — Октябрь 2022, 3690, True
14:15:56 | 780668: Литература (Стандарт) — Октябрь 2022, 3690, True
14:15:58 | 781201: Базовая математика (Про) — Февраль 2023, 0, False
14:16:08 | 785932: Математика ОГЭ с Даниром (Про) — Октябрь 2022, 3580, False
14:16:10 | 786550: Русский язык (Про) — Октябрь 2022, 0, False
14:16:16 | 788310: Физика ОГЭ (Про) — Октябрь 2022, 3580, True
14:16:16 | 788342: Физика с Максом (Стандарт) — Октябрь 2022, 3690, True
14:16:18 | 788793: Английский язык с Шерин (Стандарт) — Октябрь 2022, 0, False
14:16:18 | 788793: Английский язык с Айнуром (Стандарт) — Октябрь 2022, 0, False
14:16:25 | 790215: Биология с Жанной (Про) — Октябрь 2022, 4490, True
14:16:36 | 794677: Биология ОГЭ с Еленой (Стандарт) — Октябрь 2022, 2900, True
14:16:37 | 794677: Химия ОГЭ с Александрой (Стандарт) — Октябрь 2022, 2440, True
14:16:37 | 794677: Русский язык ОГЭ с Настей (Стандарт) — Октябрь 2022, 2210, True
14:16:37 | 794677: Математика ОГЭ с Даниром (Стандарт) — Октябрь 2022, 2430, True
14:16:40 | 795152: Профильная математика с Аделией (Стандарт) — Октябрь 2022, 2874, True
14:16:41 | 795211: Обществознание (Стандарт) — Октябрь 2022, 3025, False
14:16:41 | 795211: История (Стандарт) — Октябрь 2022, 3025, False
14:16:43 | 795549: История ОГЭ (Стандарт) — Октябрь 2022, 2900, True
14:16:43 | 795549: Обществознание ОГЭ (Стандарт) — Октябрь 2022, 2440, True
14:16:50 | 797911: Русский язык ОГЭ с Ольгой (Про) — Октябрь 2022, 0, False
14:16:50 | 797911: Математика ОГЭ с Семёном (Про) — Октябрь 2022, 0, False
14:16:54 | 799036: Химия — 10 класс (Стандарт) — Октябрь 2022, 0, False
14:16:54 | 799088: Информатика (Стандарт) — Октябрь 2022, 0, True
14:17:09 | 802536: Обществознание (Про) — Октябрь 2022, 4490, True
14:17:14 | 803752: История (Стандарт) — Октябрь 2022, 0, False
14:17:17 | 804363: Литература (Про) — Октябрь 2022, 0, False
14:17:17 | 804363: Обществознание (Про) — Октябрь 2022, 0, False
14:17:40 | 807297: История (Стандарт) — Октябрь 2022, 0, False
14:18:08 | 813452: Обществознание (Стандарт) — Октябрь 2022, 3690, True
14:18:11 | 814085: Биология с Линой (Стандарт) — Октябрь 2022, 3690, True
14:18:23 | 816216: Обществознание (Про) — Октябрь 2022, 0, False
14:18:47 | 820169: Русский язык ОГЭ с Ольгой (Стандарт) — Октябрь 2022, 2900, True
14:19:11 | 823928: Химия ОГЭ с Александрой (Стандарт) — Октябрь 2022, 2900, True
14:19:26 | 825817: Профильная математика с Андреем (Стандарт) — Октябрь 2022, 3690, True
14:19:38 | 827364: Обществознание (Стандарт) — Октябрь 2022, 3690, True
14:19:42 | 827807: Обществознание (Про) — Октябрь 2022, 4490, True
14:19:49 | 828636: Русский язык (Стандарт) — Октябрь 2022, 0, True
14:19:51 | 828811: История (Стандарт) — Октябрь 2022, 3025, True
14:20:19 | 832097: Обществознание (Стандарт) — Октябрь 2022, 0, False
14:20:19 | 832097: Литература (Стандарт) — Октябрь 2022, 0, False
14:20:22 | 832360: Информатика ОГЭ (Стандарт) — Октябрь 2022, 2900, True
14:20:25 | 832624: Русский язык (Стандарт) — Октябрь 2022, 0, False
14:20:25 | 832624: Обществознание (Стандарт) — Октябрь 2022, 0, False
14:20:32 | 833716: Химия с Богданом (Стандарт) — Октябрь 2022, 3690, False
14:20:42 | 835496: Математика ОГЭ с Семёном (Про) — Октябрь 2022, 0, False
14:20:46 | 836096: Математика ОГЭ с Семёном (Про) — Октябрь 2022, 3600, True
14:21:01 | 838486: Профильная математика с Андреем (Про) — Октябрь 2022, 4490, True
14:21:07 | 839367: Пакет история (Стандарт) 7.5 месяцев октябрь-май, 25460, True
14:21:07 | 839367: Пакет обществознание (Стандарт) 7.5 месяцев октябрь-май, 20870, True
14:21:10 | 839608: Литература (Стандарт) — Октябрь 2022, 3690, True
14:21:12 | 840046: Биология ОГЭ с Еленой (Про) — Октябрь 2022, 0, False
14:21:18 | 841005: Пакет русский язык (Стандарт) 5 месяцев октябрь-февраль, 14365, True
14:21:19 | 841100: Биология ОГЭ с Еленой (Стандарт) — Октябрь 2022, 2440, True
14:21:29 | 842609: Обществознание (Стандарт) — Октябрь 2022, 1515, True
14:21:30 | 842811: Биология — 10 класс (Стандарт) — Октябрь 2022, 2900, True
14:21:30 | 842811: Химия — 10 класс (Стандарт) — Октябрь 2022, 2440, True
14:21:33 | 843214: Английский язык ОГЭ (Стандарт) — Октябрь 2022, 2440, True
14:21:33 | 843261: Обществознание ОГЭ (Про) — Октябрь 2022, 3580, True
14:21:33 | 843272: Обществознание (Про) — Октябрь 2022, 0, False
14:21:34 | 843368: Биология с Жанной (Стандарт) — Октябрь 2022, 3025, True
14:21:35 | 843649: Литература (Стандарт) — Октябрь 2022, 3690, True
14:21:35 | 843649: Английский язык с Шерин (Стандарт) — Октябрь 2022, 3025, True
14:21:38 | 844152: Русский язык (Про) — Октябрь 2022, 4490, True
14:21:41 | 844694: Биология с Жанной (Стандарт) — Октябрь 2022, 3690, True
14:21:42 | 844826: Биология ОГЭ с Никитой (Стандарт) — Октябрь 2022, 0, False
14:21:46 | 845464: Русский язык (Про) — Октябрь 2022, 4490, True
14:21:49 | 845883: Биология с Жанной (Про) — Октябрь 2022, 4490, True
14:21:59 | 847308: Биология ОГЭ с Никитой (Стандарт) — Сентябрь 2022, 2900, True
14:21:59 | 847308: Химия ОГЭ с Александрой (Стандарт) — Сентябрь 2022, 2440, True
14:22:06 | 848316: Физика ОГЭ (Стандарт) — Октябрь 2022, 2900, False
14:22:08 | 848517: Пакет обществознание (Стандарт) 7.5 месяцев октябрь-май, 23010, True
14:22:12 | 849357: Биология с Линой (Стандарт) — Октябрь 2022, 3690, True
14:22:30 | 851664: Обществознание (Про) — Октябрь 2022, 4490, True
14:22:34 | 852235: Химия с Богданом (Стандарт) — Октябрь 2022, 3690, False
14:22:35 | 852445: Химия с Богданом (Про) — Октябрь 2022, 0, False
14:22:43 | 853540: Химия ОГЭ с Денисом (Стандарт) — Октябрь 2022, 2900, True
14:22:46 | 854061: Биология с Линой (Стандарт) — Октябрь 2022, 3690, True
14:22:47 | 854127: История ОГЭ (Стандарт) — Октябрь 2022, 2440, True
14:22:50 | 854613: Обществознание с Ильёй — 10 класс (Стандарт) — Октябрь 2022, 0, True
14:23:00 | 856441: Обществознание (Стандарт) — Октябрь 2022, 3690, True
14:23:07 | 857478: Биология ОГЭ с Еленой (Стандарт) — Октябрь 2022, 0, False
14:23:19 | 859502: Русский язык (Стандарт) — Февраль 2023, 0, True
14:23:19 | 859502: Русский язык (Стандарт) — Март 2023, 0, True
14:23:19 | 859502: Русский язык (Стандарт) — Апрель 2023, 0, True
14:23:19 | 859502: Русский язык (Стандарт) — Май 2023, 0, True
14:23:20 | 859538: Профильная математика с Андреем (Стандарт) — Октябрь 2022, 3690, True
14:23:23 | 860029: Обществознание (Стандарт) — Октябрь 2022, 0, False
14:23:27 | 860785: Физика с Максом (Стандарт) — Октябрь 2022, 0, False
14:23:27 | 860785: Русский язык ОГЭ с Ольгой (Стандарт) — Октябрь 2022, 0, False
14:23:34 | 862487: Обществознание (Стандарт) — Октябрь 2022, 3690, False
14:23:37 | 863422: Информатика (Про) — Октябрь 2022, 4490, True
14:23:50 | 867222: Пакет информатика (Про) 7.5 месяцев октябрь-май, 30980, True
14:24:08 | 870080: Пакет английский язык с Шерин (Стандарт) 4 месяца октябрь-январь, 0, False
14:24:16 | 870437: Пакет биология с Жанной (Про) 7.5 месяцев октябрь-май, 30980, True
14:24:31 | 871173: Химия с Настей (Стандарт) — Октябрь 2022, 3690, False
14:24:31 | 871180: Химия — 10 класс (Стандарт) — Октябрь 2022, 2900, True
14:25:05 | 872797: Профильная математика с Артуром (Про) — Октябрь 2022, 0, False
14:25:10 | 873091: Пакет профильная математика с Артуром (Стандарт) 7.5 месяцев октябрь-май, 20870, False
14:25:12 | 873160: Профильная математика с Аделией (Про) — Октябрь 2022, 0, False
14:25:19 | 873506: Английский язык с Миленой (Стандарт) — Октябрь 2022, 0, False
14:25:20 | 873521: Информатика ОГЭ (Стандарт) — Октябрь 2022, 2900, True
14:25:22 | 873638: Обществознание (Стандарт) — Октябрь 2022, 2874, True
14:25:31 | 874052: Профильная математика с Аделией (Стандарт) — Октябрь 2022, 3690, False
14:26:01 | 875286: Пакет литература — 10 класс (Стандарт) 5 месяцев октябрь-февраль, 13795, True
14:26:04 | 875429: Обществознание (Про) — Октябрь 2022, 4490, True
14:26:11 | 875919: Пакет история (Про) 7.5 месяцев октябрь-май, 30980, False
14:26:11 | 875919: Пакет английский язык с Шерин (Про) 7.5 месяцев октябрь-май, 25390, False
14:26:22 | 876529: Английский язык ОГЭ (Про) — Октябрь 2022, 3580, True
14:26:29 | 876921: Математика ОГЭ с Даниром (Про) — Октябрь 2022, 3010, True
14:26:29 | 876934: Биология ОГЭ с Еленой (Стандарт) — Октябрь 2022, 2440, False
14:26:35 | 877318: Английский язык ОГЭ (Про) — Октябрь 2022, 3580, True
14:26:35 | 877318: Пакет английский язык ОГЭ (Про) 6.5 месяцев ноябрь-май, 20585, True
14:26:38 | 877485: Информатика (Стандарт) — Сентябрь 2022, 3690, False
14:26:48 | 878143: Пакет русский язык (Про) 4 месяца октябрь-январь, 17060, True
14:26:52 | 878418: Английский язык с Настей — 10 класс (Стандарт) — Октябрь 2022, 2900, False
14:26:57 | 878698: Информатика (Стандарт) — Октябрь 2022, 3690, True
14:27:04 | 879208: Пакет химия с Настей (Про) 5 месяцев октябрь-февраль, 21325, True
14:27:05 | 879208: Пакет биология с Жанной (Про) 5 месяцев октябрь-февраль, 17480, True
14:27:05 | 879214: Профильная математика с Андреем (Стандарт) — Октябрь 2022, 3690, True
14:27:05 | 879223: Профильная математика с Артуром (Стандарт) — Октябрь 2022, 3690, False
14:27:11 | 879557: Литература (Стандарт) — Сентябрь 2022, 3690, True
14:27:15 | 879814: Биология ОГЭ с Еленой (Стандарт) — Октябрь 2022, 0, True
14:27:20 | 880297: Математика — 10 класс (Стандарт) — Октябрь 2022, 2900, True
14:27:22 | 880418: Пакет русский язык (Про) 7.5 месяцев октябрь-май, 27263, True
14:27:22 | 880418: Пакет информатика (Про) 7.5 месяцев октябрь-май, 22344, True
14:27:22 | 880418: Пакет профильная математика с Артуром (Про) 7.5 месяцев октябрь-май, 22344, True
14:27:22 | 880420: История (Стандарт) — Октябрь 2022, 3690, True
14:27:23 | 880472: Обществознание (Стандарт) — Октябрь 2022, 3690, True
14:27:25 | 880572: Математика — 10 класс (Стандарт) — Сентябрь 2022, 2900, False
14:27:33 | 881167: Биология ОГЭ с Никитой (Стандарт) — Октябрь 2022, 2900, True
14:27:33 | 881167: Химия ОГЭ с Александрой (Стандарт) — Октябрь 2022, 2440, True
14:27:37 | 881538: Литература ОГЭ (Про) — Октябрь 2022, 3580, True
14:27:40 | 881850: География (Про) — Октябрь 2022, 0, False
14:27:42 | 881996: Пакет химия с Богданом (Про) 7.5 месяцев октябрь-май, 30980, True
14:27:44 | 882172: Биология с Линой (Стандарт) — Октябрь 2022, 3690, True
14:27:44 | 882215: Английский язык ОГЭ (Премиум) — Октябрь 2022, 0, True
14:27:45 | 882243: Обществознание с Ильёй — 10 класс (Про) — Октябрь 2022, 3580, False
14:27:45 | 882272: Профильная математика с Артуром (Премиум) — Октябрь 2022, 5990, True
14:27:46 | 882284: Информатика (Стандарт) — Сентябрь 2022, 3506, True
14:27:47 | 882365: Русский язык ОГЭ с Ольгой (Стандарт) — Октябрь 2022, 2900, True
14:27:47 | 882365: Физика ОГЭ (Стандарт) — Октябрь 2022, 2440, True
14:27:48 | 882449: Биология ОГЭ с Еленой (Стандарт) — Октябрь 2022, 2900, True
14:27:49 | 882671: Информатика (Стандарт) — Октябрь 2022, 3690, True
14:27:49 | 882671: Русский язык (Про) — Октябрь 2022, 3680, True
14:27:49 | 882683: Русский язык ОГЭ с Ольгой (Стандарт) — Октябрь 2022, 2900, True
14:27:50 | 882742: Русский язык ОГЭ с Настей (Про) — Октябрь 2022, 3580, True
14:27:50 | 882742: Литература ОГЭ (Про) — Октябрь 2022, 3010, True
14:27:51 | 882772: Профильная математика с Андреем (Про) — Октябрь 2022, 4490, True
14:27:51 | 882783: Литература ОГЭ (Про) — Октябрь 2022, 3580, True
14:27:51 | 882785: Профильная математика с Артуром (Премиум) — Октябрь 2022, 5990, False
14:27:51 | 882787: Обществознание (Стандарт) — Октябрь 2022, 3690, True
14:27:51 | 882791: Физика с Максом (Про) — Октябрь 2022, 4490, True
14:27:51 | 882791: Профильная математика с Артуром (Про) — Октябрь 2022, 3680, True
14:27:51 | 882793: Биология — 10 класс (Про) — Октябрь 2022, 3080, True
14:27:52 | 882798: Пакет литература (Стандарт) 5 месяцев октябрь-февраль, 17525, True
14:27:52 | 882802: История — 10 класс (Стандарт) — Октябрь 2022, 2900, True
14:27:52 | 882804: Биология с Жанной (Премиум) — Октябрь 2022, 5990, True
14:27:52 | 882804: Химия с Настей (Премиум) — Октябрь 2022, 5000, True
14:27:52 | 882806: Биология — 10 класс (Стандарт) — Октябрь 2022, 2900, True
14:27:52 | 882809: Базовая математика (Про) — Октябрь 2022, 3401, False
14:27:52 | 882813: Пакет литература ОГЭ (Стандарт) 7.5 месяцев октябрь-май, 19575, True
14:27:52 | 882813: Пакет обществознание ОГЭ (Стандарт) 7.5 месяцев октябрь-май, 16470, True
14:27:52 | 882814: Английский язык ОГЭ (Стандарт) — Октябрь 2022, 2900, False
14:27:52 | 882814: Обществознание ОГЭ (Стандарт) — Октябрь 2022, 2900, False
14:27:54 | 882912: Литература (Стандарт) — Октябрь 2022, 3690, True
14:27:54 | 882944: История (Стандарт) — Октябрь 2022, 3690, True
14:27:54 | 882944: Обществознание (Стандарт) — Октябрь 2022, 3025, True
14:27:55 | 882960: Обществознание (Стандарт) — Октябрь 2022, 3690, True
14:27:55 | 882978: Информатика (Про) — Октябрь 2022, 4266, True
14:27:55 | 882996: Физика с Азатом (Про) — Октябрь 2022, 3680, True
14:27:55 | 882998: Профильная математика с Андреем (Стандарт) — Октябрь 2022, 3690, True
14:27:55 | 882998: Обществознание (Стандарт) — Октябрь 2022, 3025, True
14:27:55 | 883001: Русский язык ОГЭ с Настей (Стандарт) — Октябрь 2022, 2900, True
14:27:56 | 883014: Профильная математика с Артуром (Стандарт) — Октябрь 2022, 3690, True
14:27:56 | 883019: Русский язык (Стандарт) — Октябрь 2022, 3690, True
14:27:56 | 883019: Химия с Настей (Стандарт) — Октябрь 2022, 3025, True
14:27:56 | 883021: История (Премиум) — Октябрь 2022, 5990, True
14:27:56 | 883021: Обществознание (Премиум) — Октябрь 2022, 5000, True
14:27:56 | 883021: Русский язык (Премиум) — Октябрь 2022, 5000, True
14:27:56 | 883023: Профильная математика с Артуром (Стандарт) — Октябрь 2022, 3690, True
14:27:56 | 883027: Химия с Настей (Стандарт) — Октябрь 2022, 3690, True
14:27:56 | 883038: Химия с Настей (Про) — Октябрь 2022, 4490, True
14:27:56 | 883040: Базовая математика (Про) — Октябрь 2022, 3580, True
14:27:56 | 883042: Пакет русский язык ОГЭ с Ольгой (Стандарт) 7.5 месяцев октябрь-май, 19575, False
14:27:57 | 883043: Русский язык (Про) — Октябрь 2022, 4490, True
14:27:57 | 883046: Обществознание ОГЭ (Стандарт) — Октябрь 2022, 2900, True
14:27:57 | 883047: Обществознание (Стандарт) — Октябрь 2022, 3690, True
14:27:57 | 883053: Пакет история (Стандарт) 7.5 месяцев октябрь-май, 25460, False
14:27:57 | 883055: Пакет обществознание ОГЭ (Про) 7.5 месяцев октябрь-май, 24165, True
14:27:57 | 883058: Обществознание (Стандарт) — Октябрь 2022, 3690, True
14:27:57 | 883059: Химия с Богданом (Про) — Октябрь 2022, 4490, True
14:27:57 | 883063: Обществознание (Про) — Октябрь 2022, 4490, True
14:27:57 | 883064: Английский язык с Шерин (Стандарт) — Октябрь 2022, 3690, True
14:28:06 | 11597: Практика сочинений, 489, True
14:28:06 | 203362: Рулетка по химии ЕГЭ с Богданом - Октябрь, 1290, True
14:28:06 | 206143: Теория вероятностей с нуля до ЕГЭ, 299, True
14:28:06 | 207288: Рулетка по обществознанию ЕГЭ - Октябрь, 990, True
14:28:06 | 218688: Рулетка по обществознанию ЕГЭ - Октябрь, 990, True
14:28:07 | 232881: Рулетка: мини-сочинения и практика тестовой части, 990, True
14:28:07 | 239279: Рулетка по химии ЕГЭ с Богданом - Октябрь, 1290, True
14:28:07 | 243806: Рулетка по обществознанию ЕГЭ - Октябрь, 990, True
14:28:07 | 247485: Рулетка: мини-сочинения и практика тестовой части, 990, True
14:28:07 | 247692: Рулетка: мини-сочинения и практика тестовой части, 990, True
14:28:07 | 266803: Рулетка по химии ЕГЭ с Богданом - Октябрь, 990, True
14:28:07 | 266818: Рулетка: мини-сочинения и практика тестовой части, 990, True
14:28:08 | 270710: Рулетка по обществознанию ЕГЭ - Октябрь, 990, True
14:28:08 | 271206: Рулетка по химии ЕГЭ с Богданом - Октябрь, 990, True
14:28:08 | 285635: Рулетка: мини-сочинения и практика тестовой части, 990, True
14:28:08 | 300661: Рулетка по обществознанию ЕГЭ - Октябрь, 990, True
14:28:08 | 304041: Рулетка по обществознанию ЕГЭ - Октябрь, 990, True
14:28:08 | 320987: Рулетка по обществознанию ЕГЭ - Октябрь, 990, True
14:28:08 | 329351: Рулетка по обществознанию ЕГЭ - Октябрь, 990, True
14:28:08 | 340299: Рулетка: мини-сочинения и практика тестовой части, 990, True
14:28:08 | 378458: Рулетка по химии ЕГЭ с Богданом - Октябрь, 1290, True
14:28:08 | 416514: Рулетка по обществознанию ЕГЭ - Октябрь, 990, True
14:28:08 | 419023: Рулетка по математике 10 класс - Октябрь, 990, True
14:28:09 | 422439: Рулетка по обществознанию ЕГЭ - Октябрь, 0, True
14:28:10 | 430714: Рулетка: мини-сочинения и практика тестовой части, 990, True
14:28:10 | 435412: Рулетка: мини-сочинения и практика тестовой части, 990, True
14:28:10 | 449360: Подготовка к олимпиадам по обществознанию - Октябрь 2022, 3895, True
14:28:10 | 451041: Сочиняй — сдавай!, 249, True
14:28:10 | 452940: Рулетка по химии ЕГЭ с Богданом - Октябрь, 990, True
14:28:10 | 458990: Рулетка по биологии ОГЭ с Никитой - Октябрь, 990, True
14:28:10 | 467886: Рулетка по обществознанию ЕГЭ - Октябрь, 990, True
14:28:10 | 472536: Рулетка по обществознанию ЕГЭ - Октябрь, 990, True
14:28:11 | 502687: Рулетка по биологии 10 класс - Октябрь, 1290, True
14:28:11 | 503902: Рулетка по обществознанию ЕГЭ - Октябрь, 990, True
14:28:11 | 515125: Рулетка по обществознанию ЕГЭ - Октябрь, 990, True
14:28:11 | 521056: Рулетка по обществознанию ЕГЭ - Октябрь, 990, True
14:28:12 | 528296: Рулетка по математике 10 класс - Октябрь, 990, True
14:28:12 | 528882: Рулетка по химии ЕГЭ с Богданом - Октябрь, 1290, False
14:28:12 | 536788: Рулетка по химии ЕГЭ с Богданом - Октябрь, 990, True
14:28:12 | 559950: Рулетка по математике 10 класс - Октябрь, 990, True
14:28:12 | 568527: Рулетка: мини-сочинения и практика тестовой части, 990, True
14:28:12 | 584575: Рулетка по обществознанию ЕГЭ - Октябрь, 990, True
14:28:12 | 588030: Рулетка по обществознанию ЕГЭ - Октябрь, 990, True
14:28:13 | 595331: Рулетка по биологии 10 класс - Октябрь, 990, True
14:28:13 | 627796: Теория вероятностей с нуля до ЕГЭ, 299, True
14:28:13 | 633943: Рулетка по обществознанию ЕГЭ - Октябрь, 990, True
14:28:13 | 668740: Рулетка по обществознанию ОГЭ - Октябрь, 990, True
14:28:13 | 679615: Практика сочинений, 0, True
14:28:14 | 756977: Рулетка по химии ЕГЭ с Богданом - Октябрь, 1290, True
14:28:14 | 757044: Рулетка по обществознанию ЕГЭ - Октябрь, 990, True
14:28:14 | 772697: Рулетка по обществознанию ЕГЭ - Октябрь, 990, True
14:28:14 | 777207: Рулетка по обществознанию ЕГЭ - Октябрь, 990, True
14:28:15 | 778518: Рулетка по обществознанию ЕГЭ - Октябрь, 990, True
14:28:15 | 783154: Рулетка: мини-сочинения и практика тестовой части, 990, True
14:28:15 | 786237: Рулетка: мини-сочинения и практика тестовой части, 990, True
14:28:15 | 787997: Рулетка по обществознанию ОГЭ - Октябрь, 990, True
14:28:15 | 789718: Рулетка по химии ЕГЭ с Богданом - Октябрь, 1290, True
14:28:15 | 790072: Рулетка по обществознанию ЕГЭ - Октябрь, 990, True
14:28:16 | 799614: Рулетка: мини-сочинения и практика тестовой части, 990, True
14:28:16 | 800580: Рулетка: мини-сочинения и практика тестовой части, 990, True
14:28:16 | 800603: Рулетка по обществознанию ЕГЭ - Октябрь, 990, True
14:28:16 | 801283: Рулетка: мини-сочинения и практика тестовой части, 990, True
14:28:17 | 804622: Рулетка: мини-сочинения и практика тестовой части, 990, True
14:28:17 | 805754: Рулетка по химии ЕГЭ с Богданом - Октябрь, 990, True
14:28:17 | 805909: Рулетка по обществознанию ЕГЭ - Октябрь, 990, True
14:28:17 | 806405: Рулетка по биологии ОГЭ с Никитой - Октябрь, 990, True
14:28:17 | 812253: Параметры с нуля, 499, True
14:28:18 | 821416: Рулетка по химии ЕГЭ с Богданом - Октябрь, 1290, True
14:28:18 | 825856: Рулетка по обществознанию ЕГЭ - Октябрь, 1290, False
14:28:18 | 826080: Рулетка: мини-сочинения и практика тестовой части, 990, True
14:28:18 | 826772: Сочиняй — сдавай!, 249, False
14:28:18 | 826993: Рулетка по обществознанию ЕГЭ - Октябрь, 990, True
14:28:19 | 827843: Dear Ben: курс по заданию 35, 249, True
14:28:19 | 828003: Рулетка по обществознанию ЕГЭ - Октябрь, 990, True
14:28:19 | 828099: Рулетка: мини-сочинения и практика тестовой части, 990, False
14:28:19 | 830561: Рулетка по обществознанию ЕГЭ - Октябрь, 990, True
14:28:19 | 830704: Рулетка по обществознанию ЕГЭ - Октябрь, 990, True
14:28:19 | 831530: Теория вероятностей с нуля до ЕГЭ, 299, True
14:28:19 | 832152: Рулетка: мини-сочинения и практика тестовой части, 990, True
14:28:19 | 832892: Рулетка по обществознанию ЕГЭ - Октябрь, 990, True
14:28:20 | 836313: Рулетка по обществознанию ЕГЭ - Октябрь, 990, True
14:28:20 | 836604: Рулетка по обществознанию ОГЭ - Октябрь, 1290, True
14:28:20 | 837429: Рулетка: мини-сочинения и практика тестовой части, 990, True
14:28:20 | 837552: Рулетка: мини-сочинения и практика тестовой части, 990, True
14:28:21 | 841201: Рулетка по биологии ОГЭ с Никитой - Октябрь, 990, False
14:28:21 | 842969: Рулетка по химии ЕГЭ с Богданом - Октябрь, 990, True
14:28:21 | 844514: Рулетка по обществознанию ОГЭ - Октябрь, 1290, True
14:28:21 | 847210: Подготовка к олимпиадам по математике, 4655, True
14:28:22 | 848090: Рулетка по обществознанию ЕГЭ - Октябрь, 990, True
14:28:22 | 849487: Рулетка: мини-сочинения и практика тестовой части, 990, True
14:28:22 | 850885: Сочиняй — сдавай!, 249, True
14:28:23 | 852117: Рулетка по обществознанию ОГЭ - Октябрь, 990, True
14:28:23 | 854020: Рулетка: мини-сочинения и практика тестовой части, 990, True
14:28:23 | 858146: Рулетка по обществознанию ОГЭ - Октябрь, 990, True
14:28:24 | 860952: Вокруг света за 3 веба, 249, True
14:28:24 | 860952: English по сериалам, 249, True
14:28:24 | 861688: Рулетка по обществознанию ЕГЭ - Октябрь, 990, True
14:28:24 | 863517: Рулетка по обществознанию ОГЭ - Октябрь, 990, True
14:28:25 | 869583: Вокруг света за 3 веба, 249, False
14:28:25 | 870946: Dear Ben: курс по заданию 35, 249, True
14:28:26 | 871629: Рулетка по обществознанию ЕГЭ - Октябрь, 0, False
14:28:27 | 874270: Рулетка: мини-сочинения и практика тестовой части, 990, True
14:28:27 | 874338: Рулетка по химии 10 класс - Октябрь, 1290, True
14:28:27 | 874338: Рулетка по математике 10 класс - Октябрь, 1290, True
14:28:28 | 875201: Рулетка по химии ЕГЭ с Богданом - Октябрь, 1290, True
14:28:29 | 876265: Рулетка по обществознанию ЕГЭ - Октябрь, 1290, True
14:28:30 | 878650: Галопом по Европам, 249, True
14:28:31 | 879701: Подготовка к ВПР. Математика. 8 класс, 2000, True
14:28:31 | 879701: Подготовка к ВПР. Русский язык. 8 класс, 2000, True
14:28:32 | 882097: Рулетка по обществознанию ЕГЭ - Октябрь, 1290, False
14:28:32 | 882213: Рулетка по химии ЕГЭ с Богданом - Октябрь, 1290, True
14:28:32 | 882244: Профессиональная адаптация преподавателей, 0, True
14:28:32 | 882275: ФЛЕШ NEO по химии с Лией  - ЕГЭ, 5000, True
14:28:32 | 882304: Сочиняй — сдавай!, 249, True
14:28:32 | 882409: Пиши правильно!, 249, True
14:28:32 | 882519: Рулетка по обществознанию ОГЭ - Октябрь, 1290, True
14:28:32 | 882595: Путь к сердцу литературы, 249, True
14:28:32 | 882777: Dear Ben: курс по заданию 35, 149, True
14:28:32 | 882854: Рулетка по химии ЕГЭ с Богданом - Октябрь, 1290, True
14:28:33 | 882937: Пиши правильно!, 249, True
14:28:33 | 883022: Dear Ben: курс по заданию 35, 149, False
14:28:33 | 883111: Мастер сочинений, 399, True
14:28:33 | 883258: Вокруг света за 3 веба, 249, True
14:28:33 | 883316: Пиши правильно!, 0, True
