00:32:31 | 38921: Оцени свой уровень знаний по русскому языку, 0, True
00:32:31 | 38921: Оцени свой уровень знаний по обществознанию, 0, True
00:32:31 | 38921: Оцени свой уровень знаний по английскому языку, 0, True
00:32:31 | 38921: Оцени свой уровень знаний по английскому языку, 0, True
00:32:31 | 38921: Оцени свой уровень знаний по истории, 0, True
00:32:31 | 38921: Оцени свой уровень знаний по математике, 0, True
00:32:31 | 38921: Оцени свой уровень знаний по литературе, 0, True
00:32:31 | 38921: Оцени свой уровень знаний по литературе, 0, True
00:32:32 | 38921: Оцени свой уровень знаний по истории, 0, True
00:32:32 | 38921: Оцени свой уровень знаний по биологии, 0, True
00:32:32 | 38921: Оцени свой уровень знаний по математике, 0, True
00:32:32 | 38921: Оцени свой уровень знаний по русскому языку, 0, True
00:32:32 | 38921: Оцени свой уровень знаний по физике, 0, True
00:32:32 | 38921: Оцени свой уровень знаний по биологии, 0, True
00:32:32 | 38921: Оцени свой уровень знаний по химии, 0, True
00:32:32 | 38921: Оцени свой уровень знаний по информатике, 0, True
00:32:32 | 38921: Оцени свой уровень знаний по географии, 0, True
00:32:32 | 38921: Оцени свой уровень знаний по обществознанию, 0, True
00:32:32 | 38921: Оцени свой уровень знаний по химии, 0, True
00:32:32 | 38921: Оцени свой уровень знаний по физике, 0, True
00:32:56 | 260775: Подготовка к олимпиадам по обществознанию, 0, True
00:36:01 | 808425: Оцени свой уровень знаний по английскому языку, 0, True
00:36:01 | 808425: Оцени свой уровень знаний по английскому языку, 0, True
00:36:01 | 808425: Оцени свой уровень знаний по химии, 0, True
00:36:01 | 808425: Оцени свой уровень знаний по истории, 0, True
00:36:01 | 808425: Оцени свой уровень знаний по географии, 0, True
00:36:01 | 808425: Оцени свой уровень знаний по химии, 0, True
00:36:01 | 808425: Оцени свой уровень знаний по биологии, 0, True
00:36:01 | 808425: Оцени свой уровень знаний по информатике, 0, True
00:36:01 | 808425: Оцени свой уровень знаний по обществознанию, 0, True
00:36:01 | 808425: Оцени свой уровень знаний по физике, 0, True
00:36:02 | 808425: Оцени свой уровень знаний по истории, 0, True
00:36:02 | 808425: Оцени свой уровень знаний по биологии, 0, True
00:36:02 | 808425: Оцени свой уровень знаний по математике, 0, True
00:36:02 | 808425: Оцени свой уровень знаний по русскому языку, 0, True
00:36:02 | 808425: Оцени свой уровень знаний по физике, 0, True
00:36:02 | 808425: Оцени свой уровень знаний по обществознанию, 0, True
00:36:02 | 808425: Оцени свой уровень знаний по русскому языку, 0, True
00:36:02 | 808425: Оцени свой уровень знаний по математике, 0, True
00:36:02 | 808425: Оцени свой уровень знаний по литературе, 0, True
00:36:02 | 808425: Оцени свой уровень знаний по литературе, 0, True
00:38:26 | 851531: Подготовка к олимпиадам по математике, 0, True
00:38:26 | 851531: Подготовка к олимпиадам по истории, 0, True
00:38:26 | 851531: Подготовка к олимпиадам по обществознанию, 0, True
