17:44:14 | 202253: Обществознание (Стандарт) — Октябрь 2022, 3025, True
18:33:04 | 202253: Обществознание (Стандарт) — Октябрь 2022, 3025, True
18:33:05 | 372560: Пакет базовая математика (Про) 3 месяца октябрь-декабрь, 10740, True
18:33:05 | 372560: Пакет базовая математика (Про) 4.5 месяца январь-май, 13960, True
18:33:05 | 513546: Русский язык — 10 класс (Стандарт) — Октябрь 2022, 2755, True
18:33:05 | 523143: Английский язык с Сашей — 10 класс (Стандарт) — Октябрь 2022, 2900, True
18:33:06 | 595837: Русский язык (Стандарт) — Октябрь 2022, 3690, True
18:33:06 | 595837: Химия с Настей (Стандарт) — Октябрь 2022, 3025, True
18:33:06 | 709198: Пакет математика — 10 класс (Стандарт) 4 месяца октябрь-январь, 10359, True
18:33:06 | 709198: Пакет физика — 10 класс (Стандарт) 4 месяца октябрь-январь, 9270, True
18:33:06 | 716065: История (Стандарт) — Октябрь 2022, 2810, True
18:33:06 | 729991: История (Стандарт) — Октябрь 2022, 3690, True
18:33:06 | 784877: Русский язык (Стандарт) — Октябрь 2022, 3690, True
18:33:06 | 793387: Обществознание с Ильёй — 10 класс (Про) — Октябрь 2022, 3080, True
18:33:06 | 795898: История (Стандарт) — Октябрь 2022, 3690, True
18:33:07 | 814534: Физика ОГЭ (Про) — Октябрь 2022, 3580, True
18:33:07 | 816981: Обществознание ОГЭ (Стандарт) — Октябрь 2022, 2440, True
18:33:07 | 818037: Русский язык (Стандарт) — Октябрь 2022, 2874, True
18:33:08 | 841782: История (Стандарт) — Октябрь 2022, 3690, True
18:33:08 | 842372: История (Стандарт) — Октябрь 2022, 3025, True
18:33:08 | 842372: Обществознание (Стандарт) — Октябрь 2022, 3690, True
18:33:08 | 853790: Пакет английский язык с Айнуром (Стандарт) 7.5 месяцев октябрь-май, 25460, True
18:33:08 | 857580: Английский язык с Сашей — 10 класс (Стандарт) — Октябрь 2022, 2900, True
18:33:08 | 857846: Физика ОГЭ (Стандарт) — Октябрь 2022, 2210, True
18:33:09 | 863829: Русский язык (Про) — Октябрь 2022, 4490, True
18:33:09 | 864558: Обществознание ОГЭ (Стандарт) — Сентябрь 2022, 2900, True
18:33:09 | 873634: Обществознание ОГЭ (Стандарт) — Октябрь 2022, 2900, True
18:33:09 | 874328: Математика ОГЭ с Даниром (Премиум) — Октябрь 2022, 4270, True
18:33:09 | 875121: История (Стандарт) — Октябрь 2022, 0, True
18:33:09 | 876331: История (Стандарт) — Октябрь 2022, 3690, True
18:33:09 | 876645: Химия ОГЭ с Александрой (Стандарт) — Октябрь 2022, 2440, True
18:33:10 | 876774: Русский язык (Стандарт) — Октябрь 2022, 3025, True
18:33:10 | 876788: Химия с Настей (Стандарт) — Октябрь 2022, 3690, True
18:33:11 | 878441: Обществознание ОГЭ (Стандарт) — Октябрь 2022, 2900, False
18:33:11 | 878672: Русский язык (Стандарт) — Октябрь 2022, 3025, True
18:33:11 | 879096: Профильная математика с Аделией (Стандарт) — Октябрь 2022, 3190, True
18:33:11 | 879211: Обществознание с Ильёй — 10 класс (Стандарт) — Октябрь 2022, 2900, True
18:33:11 | 879211: Математика — 10 класс (Стандарт) — Октябрь 2022, 2440, True
18:33:11 | 879404: Пакет биология с Линой (Про) 5 месяцев октябрь-февраль, 21325, False
18:33:12 | 880288: Математика ОГЭ с Даниром (Стандарт) — Октябрь 2022, 2400, True
18:33:12 | 880299: Профильная математика с Аделией (Про) — Октябрь 2022, 4490, True
18:33:12 | 880299: Обществознание (Про) — Октябрь 2022, 3680, True
18:33:12 | 880328: Физика ОГЭ (Про) — Октябрь 2022, 3580, True
18:33:12 | 880345: Русский язык ОГЭ с Ольгой (Про) — Октябрь 2022, 3580, True
18:33:12 | 880392: Профильная математика с Артуром (Стандарт) — Октябрь 2022, 3190, True
18:33:12 | 880392: Информатика (Стандарт) — Октябрь 2022, 3025, True
18:33:12 | 880562: Биология с Жанной (Стандарт) — Октябрь 2022, 3690, True
18:33:12 | 881107: Информатика (Стандарт) — Октябрь 2022, 3506, True
18:33:12 | 881111: Пакет обществознание (Про) 7.5 месяцев октябрь-май, 30980, True
18:33:12 | 881132: История ОГЭ (Стандарт) — Октябрь 2022, 2900, True
18:33:12 | 881149: Биология с Жанной (Стандарт) — Октябрь 2022, 3690, True
18:33:12 | 881169: Биология ОГЭ с Еленой (Стандарт) — Сентябрь 2022, 2900, True
18:33:12 | 881169: Биология ОГЭ с Еленой (Про) — Октябрь 2022, 3580, True
18:33:12 | 881170: Обществознание ОГЭ (Стандарт) — Октябрь 2022, 2900, True
18:33:12 | 881173: Математика ОГЭ с Семёном (Стандарт) — Октябрь 2022, 2900, True
18:33:12 | 881182: Биология с Жанной (Стандарт) — Октябрь 2022, 3690, True
18:33:12 | 881192: Химия — 10 класс (Стандарт) — Октябрь 2022, 2900, True
18:33:12 | 881196: Математика — 10 класс (Стандарт) — Октябрь 2022, 2755, True
18:33:12 | 881205: Русский язык (Стандарт) — Октябрь 2022, 3690, True
18:33:12 | 881222: Профильная математика с Андреем (Стандарт) — Октябрь 2022, 3190, True
18:33:12 | 881224: Профильная математика с Артуром (Стандарт) — Октябрь 2022, 3690, True
18:33:12 | 881227: Профильная математика с Артуром (Стандарт) — Октябрь 2022, 3690, True
18:33:12 | 881231: Пакет русский язык (Стандарт) 7.5 месяцев октябрь-май, 24187, True
18:33:12 | 881233: Профильная математика с Андреем (Про) — Октябрь 2022, 4490, True
18:33:12 | 881236: Математика ОГЭ с Даниром (Про) — Октябрь 2022, 3580, True
18:33:12 | 881238: Профильная математика с Артуром (Стандарт) — Октябрь 2022, 3690, True
18:33:12 | 881241: Профильная математика с Артуром (Стандарт) — Октябрь 2022, 3506, True
18:33:12 | 881249: Обществознание (Про) — Октябрь 2022, 4490, True
18:33:12 | 881252: Математика — 10 класс (Стандарт) — Октябрь 2022, 2900, True
18:33:12 | 881257: Обществознание (Про) — Октябрь 2022, 4490, True
18:34:26 | 1195: Русский язык (Стандарт) — Октябрь 2022, 3690, True
18:34:26 | 1195: Профильная математика с Артуром (Стандарт) — Октябрь 2022, 3025, True
18:34:26 | 23992: Пакет русский язык (Стандарт) 7.5 месяцев октябрь-май, 25460, False
18:34:27 | 33586: Базовая математика (Стандарт) — Октябрь 2022, 2900, True
18:34:27 | 35524: Биология с Линой (Стандарт) — Сентябрь 2022, 3690, True
18:34:27 | 35524: Биология с Линой (Стандарт) — Октябрь 2022, 3690, True
18:34:27 | 35524: Химия с Настей (Стандарт) — Сентябрь 2022, 3025, True
18:34:27 | 45334: Русский язык (Стандарт) — Октябрь 2022, 3690, True
18:34:28 | 74898: Английский язык с Шерин (Стандарт) — Октябрь 2022, 3690, True
18:34:28 | 82493: Химия с Богданом (Стандарт) — Октябрь 2022, 3690, True
18:34:28 | 83996: Профильная математика с Артуром (Стандарт) — Октябрь 2022, 3506, True
18:34:28 | 106218: Литература (Про) — Октябрь 2022, 4490, True
18:34:28 | 137828: Русский язык (Стандарт) — Октябрь 2022, 3506, True
18:34:28 | 137828: Обществознание (Стандарт) — Октябрь 2022, 2874, True
18:34:28 | 137828: История (Стандарт) — Октябрь 2022, 2874, True
18:34:28 | 148473: Пакет профильная математика с Артуром (Стандарт) 2 месяца ноябрь-декабрь, 0, True
18:34:28 | 148473: Профильная математика с Артуром (Стандарт) — Январь 2023, 0, True
18:34:28 | 148473: Профильная математика с Артуром (Стандарт) — Февраль 2023, 0, True
18:34:28 | 148473: Пакет профильная математика с Артуром (Стандарт) 2 месяца март-апрель, 0, True
18:34:28 | 148473: Профильная математика с Артуром (Стандарт) — Май 2023, 0, True
18:34:29 | 178687: Профильная математика с Артуром (Стандарт) — Октябрь 2022, 3690, True
18:34:29 | 181647: Литература (Стандарт) — Октябрь 2022, 3690, True
18:34:29 | 181647: Английский язык с Миленой (Стандарт) — Октябрь 2022, 3025, True
18:34:29 | 181647: Английский язык с Айнуром (Стандарт) — Октябрь 2022, 0, True
18:34:30 | 199971: Обществознание (Про) — Октябрь 2022, 4490, True
18:34:30 | 200459: Профильная математика с Артуром (Стандарт) — Октябрь 2022, 3690, True
18:34:31 | 207156: Русский язык (Стандарт) — Октябрь 2022, 3690, True
18:34:31 | 207706: Профильная математика с Артуром (Стандарт) — Октябрь 2022, 3690, True
18:34:31 | 211028: История (Про) — Октябрь 2022, 4490, True
18:34:31 | 211028: История (Стандарт) — Сентябрь 2022, 3690, True
18:34:31 | 214552: Биология с Жанной (Стандарт) — Октябрь 2022, 3190, True
18:34:32 | 217387: Литература (Про) — Октябрь 2022, 4490, True
18:34:32 | 220349: Биология с Линой (Стандарт) — Октябрь 2022, 3025, True
18:34:32 | 221962: Обществознание (Стандарт) — Октябрь 2022, 3690, True
18:34:32 | 226759: Обществознание (Стандарт) — Октябрь 2022, 3690, True
18:34:33 | 227175: Химия с Богданом (Стандарт) — Октябрь 2022, 3690, True
18:34:33 | 233068: Литература (Про) — Октябрь 2022, 4490, True
18:34:33 | 236344: Профильная математика с Аделией (Стандарт) — Октябрь 2022, 3690, True
18:34:33 | 236344: Физика с Максом (Стандарт) — Октябрь 2022, 3025, True
18:34:34 | 239195: Профильная математика с Андреем (Стандарт) — Октябрь 2022, 3690, True
18:34:34 | 244718: Немецкий язык (Стандарт) — Октябрь 2022, 3690, True
18:34:34 | 247854: История (Стандарт) — Октябрь 2022, 3690, True
18:34:35 | 254098: Литература (Стандарт) — Октябрь 2022, 3025, True
18:34:35 | 256806: Английский язык с Шерин (Про) — Октябрь 2022, 0, True
18:34:36 | 262327: Обществознание (Стандарт) — Октябрь 2022, 3690, True
18:34:36 | 267156: Русский язык (Стандарт) — Октябрь 2022, 3025, True
18:34:36 | 268025: Обществознание (Стандарт) — Сентябрь 2022, 3025, True
18:34:37 | 276044: Русский язык (Стандарт) — Октябрь 2022, 3506, True
18:34:38 | 282416: Химия с Богданом (Стандарт) — Октябрь 2022, 2525, True
18:34:38 | 282416: Русский язык (Стандарт) — Октябрь 2022, 3190, True
18:34:38 | 285135: Биология с Линой (Стандарт) — Октябрь 2022, 3025, True
18:34:38 | 286916: Английский язык с Шерин (Про) — Октябрь 2022, 3400, True
18:34:38 | 287077: Профильная математика с Андреем (Стандарт) — Октябрь 2022, 3690, True
18:34:38 | 291704: Базовая математика (Стандарт) — Октябрь 2022, 2900, True
18:34:39 | 295778: Обществознание (Про) — Октябрь 2022, 4490, True
18:34:39 | 295778: Английский язык с Миленой (Про) — Октябрь 2022, 3680, True
18:34:39 | 297307: Русский язык (Стандарт) — Октябрь 2022, 3690, True
18:34:39 | 297307: Профильная математика с Аделией (Стандарт) — Октябрь 2022, 3025, True
18:34:39 | 297307: Биология с Жанной (Стандарт) — Октябрь 2022, 3025, True
18:34:40 | 298799: Литература (Стандарт) — Октябрь 2022, 3690, True
18:34:40 | 299040: Русский язык (Про) — Октябрь 2022, 4490, True
18:34:41 | 307328: Биология с Жанной (Стандарт) — Октябрь 2022, 3690, True
18:34:41 | 310053: Русский язык (Стандарт) — Октябрь 2022, 3690, True
18:34:42 | 312685: Обществознание (Стандарт) — Октябрь 2022, 3690, True
18:34:42 | 312685: Биология с Жанной (Стандарт) — Октябрь 2022, 3025, True
18:34:42 | 313680: История (Про) — Октябрь 2022, 4490, True
18:34:42 | 316807: Базовая математика (Стандарт) — Октябрь 2022, 0, True
18:34:42 | 320567: Профильная математика с Артуром (Стандарт) — Октябрь 2022, 3690, True
18:34:42 | 326892: Русский язык (Стандарт) — Октябрь 2022, 3690, True
18:34:43 | 340699: Литература (Про) — Октябрь 2022, 4490, True
18:34:44 | 344093: Русский язык (Стандарт) — Сентябрь 2022, 3025, True
18:34:44 | 353169: Литература ОГЭ (Стандарт) — Октябрь 2022, 2900, True
18:34:44 | 354297: Информатика (Стандарт) — Октябрь 2022, 3690, True
18:34:44 | 354297: Профильная математика с Андреем (Стандарт) — Октябрь 2022, 3025, True
18:34:45 | 356063: Литература (Про) — Октябрь 2022, 3680, True
18:34:45 | 361848: Базовая математика (Стандарт) — Октябрь 2022, 2900, True
18:34:46 | 376420: Информатика (Про) — Октябрь 2022, 4490, True
18:34:46 | 386748: Профильная математика с Аделией (Стандарт) — Октябрь 2022, 2810, True
18:34:47 | 393903: Обществознание (Стандарт) — Октябрь 2022, 3690, True
18:34:47 | 397229: Биология с Линой (Про) — Октябрь 2022, 4490, True
18:34:47 | 397229: Обществознание (Про) — Октябрь 2022, 3680, True
18:34:47 | 403377: Информатика ОГЭ (Стандарт) — Октябрь 2022, 2900, True
18:34:47 | 403554: Биология с Жанной (Стандарт) — Октябрь 2022, 3690, True
18:34:47 | 403928: Математика — 10 класс (Стандарт) — Октябрь 2022, 2900, True
18:34:47 | 403928: Обществознание с Ильёй — 10 класс (Стандарт) — Октябрь 2022, 2440, True
18:34:47 | 407169: Химия с Богданом (Стандарт) — Октябрь 2022, 3690, True
18:34:48 | 408334: Русский язык (Стандарт) — Октябрь 2022, 2874, True
18:34:48 | 409158: Обществознание с Ильёй — 10 класс (Стандарт) — Сентябрь 2022, 2210, True
18:34:48 | 413075: Русский язык (Стандарт) — Октябрь 2022, 3690, True
18:34:48 | 413476: Английский язык с Айнуром (Стандарт) — Октябрь 2022, 0, True
18:34:48 | 413476: Английский язык с Шерин (Стандарт) — Октябрь 2022, 0, True
18:34:48 | 413913: Обществознание с Ильёй — 10 класс (Стандарт) — Октябрь 2022, 2210, True
18:34:49 | 417414: Профильная математика с Артуром (Стандарт) — Октябрь 2022, 3690, True
18:34:49 | 421730: Русский язык (Стандарт) — Октябрь 2022, 3690, True
18:34:49 | 422439: Английский язык ОГЭ (Премиум) — Октябрь 2022, 0, True
18:34:49 | 423049: Химия с Богданом (Стандарт) — Октябрь 2022, 3690, True
18:34:49 | 423049: Биология с Жанной (Стандарт) — Октябрь 2022, 3025, True
18:34:49 | 423881: Математика — 10 класс (Стандарт) — Октябрь 2022, 2755, True
18:34:49 | 423881: Английский язык с Сашей — 10 класс (Стандарт) — Октябрь 2022, 2318, True
18:34:50 | 425935: Биология с Жанной (Стандарт) — Октябрь 2022, 3690, True
18:34:50 | 425935: Химия с Настей (Стандарт) — Октябрь 2022, 3025, True
18:34:50 | 428097: Биология с Жанной (Про) — Октябрь 2022, 3400, True
18:34:50 | 428984: Профильная математика с Аделией (Стандарт) — Октябрь 2022, 3690, True
18:34:50 | 428984: Информатика (Стандарт) — Октябрь 2022, 3025, True
18:34:51 | 430718: Русский язык (Стандарт) — Октябрь 2022, 2874, True
18:34:51 | 430718: Английский язык с Шерин (Стандарт) — Октябрь 2022, 2670, True
18:34:51 | 433461: Русский язык (Стандарт) — Октябрь 2022, 3690, True
18:34:51 | 438999: Русский язык (Стандарт) — Октябрь 2022, 3690, True
18:34:51 | 439053: Пакет информатика — 10 класс (Стандарт) 2 месяца сентябрь-октябрь, 0, True
18:34:52 | 443954: Биология — 10 класс (Стандарт) — Октябрь 2022, 2900, True
18:34:52 | 447444: Профильная математика с Артуром (Про) — Октябрь 2022, 4490, True
18:34:52 | 447444: Информатика (Про) — Октябрь 2022, 4490, True
18:34:52 | 447444: Пакет русский язык (Стандарт) 7.5 месяцев октябрь-май, 24845, True
18:34:52 | 447444: Пакет профильная математика с Артуром (Про) 6.5 месяцев ноябрь-май, 20900, True
18:34:52 | 447444: Пакет информатика (Про) 6.5 месяцев ноябрь-май, 20900, True
18:34:53 | 449899: Литература — 10 класс (Про) — Октябрь 2022, 3580, True
18:34:53 | 450974: Математика ОГЭ с Семёном (Стандарт) — Октябрь 2022, 2900, True
18:34:53 | 451203: Русский язык (Стандарт) — Октябрь 2022, 3690, True
18:34:53 | 452435: Профильная математика с Артуром (Стандарт) — Октябрь 2022, 3025, True
18:34:53 | 453427: Обществознание (Стандарт) — Октябрь 2022, 3690, True
18:34:53 | 453427: Английский язык с Миленой (Стандарт) — Октябрь 2022, 3025, True
18:34:53 | 453427: Английский язык с Айнуром (Стандарт) — Октябрь 2022, 0, True
18:34:53 | 453427: Английский язык с Шерин (Стандарт) — Октябрь 2022, 0, True
18:34:54 | 454734: Русский язык (Стандарт) — Октябрь 2022, 3025, True
18:34:54 | 457940: Русский язык (Стандарт) — Октябрь 2022, 3690, True
18:34:54 | 457940: Обществознание (Стандарт) — Октябрь 2022, 3025, True
18:34:54 | 458698: Русский язык (Стандарт) — Октябрь 2022, 3025, True
18:34:54 | 460129: Обществознание (Стандарт) — Октябрь 2022, 3690, True
18:34:55 | 460129: Английский язык с Миленой (Стандарт) — Октябрь 2022, 3025, True
18:34:55 | 462403: Обществознание (Стандарт) — Октябрь 2022, 3690, True
18:34:56 | 467578: Английский язык с Сашей — 10 класс (Стандарт) — Октябрь 2022, 2900, True
18:34:56 | 469110: История (Стандарт) — Октябрь 2022, 3690, True
18:34:56 | 469110: Обществознание (Стандарт) — Октябрь 2022, 3025, True
18:34:56 | 469384: Химия ОГЭ с Александрой (Стандарт) — Октябрь 2022, 2900, True
18:34:56 | 469617: Английский язык с Миленой (Стандарт) — Октябрь 2022, 3690, True
18:34:56 | 469617: Обществознание (Стандарт) — Октябрь 2022, 3025, True
18:34:56 | 470156: Химия с Богданом (Стандарт) — Октябрь 2022, 3690, True
18:34:57 | 470156: Биология с Жанной (Стандарт) — Октябрь 2022, 3025, True
18:34:57 | 472047: Обществознание с Ильёй — 10 класс (Стандарт) — Октябрь 2022, 2900, True
18:34:57 | 475844: Русский язык (Про) — Октябрь 2022, 4490, True
18:34:57 | 475844: Литература (Про) — Октябрь 2022, 3680, True
18:34:58 | 477620: Физика — 10 класс (Стандарт) — Октябрь 2022, 2440, True
18:34:58 | 478657: Химия ОГЭ с Александрой (Стандарт) — Октябрь 2022, 2900, True
18:34:58 | 478657: Биология ОГЭ с Еленой (Стандарт) — Октябрь 2022, 2440, True
18:34:58 | 480809: Русский язык ОГЭ с Ольгой (Стандарт) — Октябрь 2022, 2900, True
18:34:58 | 480809: Биология ОГЭ с Никитой (Стандарт) — Октябрь 2022, 2440, True
18:34:58 | 480809: Английский язык ОГЭ (Стандарт) — Октябрь 2022, 2210, True
18:34:59 | 483339: Биология с Жанной (Стандарт) — Октябрь 2022, 3690, True
18:34:59 | 484102: Профильная математика с Артуром (Стандарт) — Октябрь 2022, 3506, True
18:34:59 | 484102: Обществознание (Стандарт) — Октябрь 2022, 2874, True
18:34:59 | 486036: История (Стандарт) — Октябрь 2022, 3690, True
18:35:00 | 489834: Биология с Жанной (Стандарт) — Октябрь 2022, 3690, True
18:35:00 | 490602: Обществознание (Стандарт) — Октябрь 2022, 3025, True
18:35:00 | 490984: Русский язык (Стандарт) — Октябрь 2022, 3690, True
18:35:00 | 490984: Химия с Богданом (Стандарт) — Октябрь 2022, 3025, True
18:35:00 | 492559: Литература — 10 класс (Стандарт) — Октябрь 2022, 2900, True
18:35:00 | 493758: История (Стандарт) — Октябрь 2022, 3690, True
18:35:00 | 495475: Обществознание (Стандарт) — Октябрь 2022, 3690, True
18:35:00 | 495693: Обществознание (Стандарт) — Октябрь 2022, 3690, True
18:35:01 | 496418: Химия — 10 класс (Стандарт) — Октябрь 2022, 2900, True
18:35:01 | 496418: Биология — 10 класс (Стандарт) — Октябрь 2022, 2440, True
18:35:01 | 496638: Химия — 10 класс (Про) — Октябрь 2022, 3580, True
18:35:01 | 497355: Биология — 10 класс (Стандарт) — Октябрь 2022, 2900, True
18:35:01 | 497355: Обществознание с Ильёй — 10 класс (Стандарт) — Октябрь 2022, 2440, True
18:35:01 | 498248: Математика — 10 класс (Стандарт) — Октябрь 2022, 2900, True
18:35:01 | 498248: Русский язык — 10 класс (Стандарт) — Октябрь 2022, 2440, True
18:35:02 | 499746: Обществознание с Ильёй — 10 класс (Стандарт) — Октябрь 2022, 2900, True
18:35:02 | 499795: Обществознание с Ильёй — 10 класс (Стандарт) — Октябрь 2022, 2900, True
18:35:02 | 501200: Математика — 10 класс (Про) — Октябрь 2022, 0, True
18:35:02 | 501200: Биология — 10 класс (Про) — Октябрь 2022, 0, True
18:35:04 | 506571: Биология с Линой (Про) — Октябрь 2022, 4490, True
18:35:04 | 506931: Химия — 10 класс (Стандарт) — Октябрь 2022, 2900, True
18:35:04 | 506931: Биология — 10 класс (Стандарт) — Октябрь 2022, 2440, True
18:35:05 | 508889: Обществознание с Ильёй — 10 класс (Стандарт) — Октябрь 2022, 2755, True
18:35:05 | 508889: Английский язык с Настей — 10 класс (Стандарт) — Октябрь 2022, 2318, True
18:35:05 | 509110: Математика — 10 класс (Стандарт) — Октябрь 2022, 2900, True
18:35:05 | 509110: Обществознание с Ильёй — 10 класс (Стандарт) — Октябрь 2022, 2440, True
18:35:05 | 509110: Химия — 10 класс (Стандарт) — Октябрь 2022, 2210, True
18:35:05 | 509608: Математика ОГЭ с Даниром (Про) — Октябрь 2022, 3580, True
18:35:05 | 511848: Русский язык (Стандарт) — Октябрь 2022, 3025, True
18:35:05 | 513297: Русский язык ОГЭ с Настей (Про) — Октябрь 2022, 3580, True
18:35:06 | 513297: Математика ОГЭ с Даниром (Про) — Октябрь 2022, 3010, True
18:35:06 | 513297: Химия ОГЭ с Александрой (Про) — Октябрь 2022, 2860, True
18:35:06 | 513297: Биология ОГЭ с Еленой (Про) — Октябрь 2022, 2860, True
18:35:06 | 513726: Русский язык (Стандарт) — Октябрь 2022, 3690, True
18:35:06 | 515937: Химия ОГЭ с Денисом (Стандарт) — Октябрь 2022, 2900, True
18:35:06 | 516495: Русский язык (Про) — Октябрь 2022, 4490, True
18:35:07 | 517013: Математика — 10 класс (Стандарт) — Октябрь 2022, 2900, True
18:35:07 | 517013: Русский язык (Стандарт) — Октябрь 2022, 3690, True
18:35:07 | 517013: Информатика (Стандарт) — Октябрь 2022, 3025, True
18:35:07 | 519163: Литература (Стандарт) — Октябрь 2022, 3690, True
18:35:08 | 521653: Химия — 10 класс (Стандарт) — Октябрь 2022, 2900, True
18:35:08 | 522649: Профильная математика с Артуром (Стандарт) — Октябрь 2022, 3690, True
18:35:08 | 522649: Физика с Максом (Стандарт) — Октябрь 2022, 3025, True
18:35:08 | 522916: Обществознание (Стандарт) — Октябрь 2022, 3690, True
18:35:08 | 524064: Русский язык (Про) — Октябрь 2022, 4490, True
18:35:08 | 524064: Обществознание (Про) — Октябрь 2022, 3680, True
18:35:08 | 524089: Биология с Линой (Стандарт) — Сентябрь 2022, 3690, False
18:35:09 | 524984: Английский язык с Айнуром (Стандарт) — Октябрь 2022, 3690, True
18:35:09 | 525032: Русский язык (Про) — Октябрь 2022, 4490, True
18:35:09 | 525032: Биология с Жанной (Про) — Октябрь 2022, 3680, True
18:35:09 | 525032: Химия с Богданом (Про) — Октябрь 2022, 3680, True
18:35:09 | 525831: Литература — 10 класс (Стандарт) — Октябрь 2022, 2900, True
18:35:09 | 525861: Биология с Жанной (Стандарт) — Октябрь 2022, 3690, True
18:35:09 | 526803: История (Стандарт) — Октябрь 2022, 3025, True
18:35:09 | 526803: Обществознание (Стандарт) — Октябрь 2022, 3690, True
18:35:10 | 528764: Информатика (Про) — Октябрь 2022, 4490, True
18:35:10 | 529540: Биология — 10 класс (Стандарт) — Октябрь 2022, 2440, True
18:35:10 | 529540: Русский язык — 10 класс (Стандарт) — Октябрь 2022, 2210, True
18:35:11 | 535376: Английский язык ОГЭ (Стандарт) — Октябрь 2022, 2900, True
18:35:11 | 536584: Русский язык (Стандарт) — Октябрь 2022, 3690, True
18:35:11 | 536584: Химия с Настей (Стандарт) — Октябрь 2022, 3025, True
18:35:11 | 536584: Биология с Жанной (Стандарт) — Октябрь 2022, 3025, True
18:35:12 | 539554: Русский язык — 10 класс (Стандарт) — Октябрь 2022, 2900, True
18:35:12 | 539554: Биология — 10 класс (Стандарт) — Октябрь 2022, 2440, True
18:35:13 | 546942: География (Стандарт) — Октябрь 2022, 3690, True
18:35:13 | 547496: Русский язык (Стандарт) — Октябрь 2022, 3690, True
18:35:14 | 548049: Английский язык с Миленой (Стандарт) — Октябрь 2022, 2874, True
18:35:14 | 548317: Английский язык с Сашей — 10 класс (Стандарт) — Октябрь 2022, 2900, True
18:35:14 | 548317: Математика — 10 класс (Стандарт) — Октябрь 2022, 2440, True
18:35:14 | 549062: Биология — 10 класс (Стандарт) — Октябрь 2022, 2900, True
18:35:14 | 549062: Химия — 10 класс (Стандарт) — Октябрь 2022, 2440, True
18:35:14 | 550123: Обществознание с Ильёй — 10 класс (Стандарт) — Октябрь 2022, 2440, True
18:35:15 | 552480: Математика — 10 класс (Стандарт) — Октябрь 2022, 2900, True
18:35:16 | 557499: Физика — 10 класс (Стандарт) — Октябрь 2022, 2900, True
18:35:17 | 562090: История (Стандарт) — Октябрь 2022, 3690, True
18:35:17 | 562860: Литература (Стандарт) — Октябрь 2022, 3690, True
18:35:18 | 565442: Математика ОГЭ с Даниром (Стандарт) — Октябрь 2022, 2900, True
18:35:18 | 569185: Русский язык — 10 класс (Стандарт) — Октябрь 2022, 2900, True
18:35:19 | 570822: История (Стандарт) — Октябрь 2022, 3690, True
18:35:19 | 570860: Литература (Стандарт) — Октябрь 2022, 3690, True
18:35:19 | 571216: Математика — 10 класс (Стандарт) — Октябрь 2022, 2900, True
18:35:19 | 571216: Химия — 10 класс (Стандарт) — Октябрь 2022, 2440, True
18:35:19 | 571216: Биология — 10 класс (Стандарт) — Октябрь 2022, 2210, True
18:35:19 | 571824: Информатика (Стандарт) — Октябрь 2022, 3690, True
18:35:19 | 571824: Профильная математика с Артуром (Стандарт) — Октябрь 2022, 3025, True
18:35:19 | 572189: Русский язык (Стандарт) — Октябрь 2022, 3690, True
18:35:20 | 576461: Русский язык — 10 класс (Стандарт) — Октябрь 2022, 2900, True
18:35:20 | 576461: Математика — 10 класс (Стандарт) — Октябрь 2022, 2440, True
18:35:21 | 578711: Обществознание с Ильёй — 10 класс (Стандарт) — Октябрь 2022, 2900, True
18:35:21 | 580679: Обществознание с Ильёй — 10 класс (Стандарт) — Октябрь 2022, 2755, True
18:35:21 | 583215: Пакет русский язык — 10 класс (Стандарт) 8 месяцев октябрь-май, 20880, True
18:35:22 | 585985: Математика — 10 класс (Стандарт) — Октябрь 2022, 2900, True
18:35:22 | 586242: Химия — 10 класс (Стандарт) — Октябрь 2022, 2900, True
18:35:22 | 587134: Математика — 10 класс (Стандарт) — Октябрь 2022, 2440, True
18:35:22 | 587224: Русский язык (Стандарт) — Октябрь 2022, 3506, True
18:35:22 | 587330: Обществознание ОГЭ (Стандарт) — Октябрь 2022, 2900, True
18:35:23 | 587984: Английский язык с Настей — 10 класс (Стандарт) — Октябрь 2022, 2900, True
18:35:23 | 590462: Английский язык с Шерин (Стандарт) — Сентябрь 2022, 3690, True
18:35:23 | 591916: История (Стандарт) — Октябрь 2022, 3690, True
18:35:24 | 593228: Русский язык (Стандарт) — Октябрь 2022, 3690, False
18:35:24 | 596524: Физика с Азатом (Стандарт) — Октябрь 2022, 2874, True
18:35:24 | 597160: Профильная математика с Андреем (Стандарт) — Октябрь 2022, 2874, True
18:35:24 | 597651: История ОГЭ (Стандарт) — Сентябрь 2022, 2900, True
18:35:24 | 598710: Биология — 10 класс (Стандарт) — Октябрь 2022, 2900, True
18:35:25 | 601723: История (Стандарт) — Октябрь 2022, 3690, True
18:35:25 | 608223: Пакет биология с Линой (Стандарт) 5 месяцев октябрь-февраль, 14500, True
18:35:26 | 638837: Пакет русский язык (Стандарт) 5 месяцев октябрь-февраль, 15000, True
18:35:26 | 639085: Обществознание с Ильёй — 10 класс (Стандарт) — Октябрь 2022, 2900, True
18:35:27 | 652933: Информатика — 10 класс (Стандарт) — Октябрь 2022, 2900, True
18:35:27 | 654426: Информатика ОГЭ (Стандарт) — Сентябрь 2022, 2430, True
18:35:27 | 656088: Профильная математика с Артуром (Стандарт) — Октябрь 2022, 3690, True
18:35:27 | 656345: Английский язык с Айнуром (Стандарт) — Октябрь 2022, 0, True
18:35:27 | 656880: Химия с Настей (Стандарт) — Октябрь 2022, 3690, True
18:35:28 | 663803: История — 10 класс (Стандарт) — Октябрь 2022, 2440, True
18:35:28 | 672154: Химия — 10 класс (Стандарт) — Октябрь 2022, 2400, True
18:35:29 | 685091: Биология — 10 класс (Стандарт) — Октябрь 2022, 2900, True
18:35:29 | 689501: Физика ОГЭ (Стандарт) — Октябрь 2022, 2440, True
18:35:29 | 692015: Пакет обществознание (Стандарт) 7.5 месяцев октябрь-май, 23010, True
18:35:30 | 692015: Пакет история (Стандарт) 7.5 месяцев октябрь-май, 20870, True
18:35:30 | 700390: Обществознание ОГЭ (Стандарт) — Октябрь 2022, 2440, True
18:35:31 | 706763: Обществознание с Ильёй — 10 класс (Стандарт) — Октябрь 2022, 2900, True
18:35:31 | 706763: Русский язык — 10 класс (Стандарт) — Октябрь 2022, 2440, True
18:35:31 | 706763: История — 10 класс (Стандарт) — Октябрь 2022, 2210, True
18:35:31 | 706763: Базовая математика (Стандарт) — Октябрь 2022, 2900, False
18:35:32 | 716059: Физика с Азатом (Про) — Октябрь 2022, 4490, True
18:35:32 | 721550: Русский язык — 10 класс (Премиум) — Октябрь 2022, 4990, True
18:35:33 | 730158: Информатика — 10 класс (Стандарт) — Октябрь 2022, 2900, True
18:35:33 | 730735: Английский язык с Сашей — 10 класс (Стандарт) — Октябрь 2022, 2900, True
18:35:34 | 736513: Обществознание (Стандарт) — Октябрь 2022, 3506, True
18:35:34 | 737212: Русский язык — 10 класс (Стандарт) — Октябрь 2022, 2755, True
18:35:35 | 739662: Обществознание с Ильёй — 10 класс (Стандарт) — Октябрь 2022, 2900, True
18:35:35 | 743836: Пакет английский язык с Шерин (Про) 7.5 месяцев октябрь-май, 25390, True
18:35:36 | 746233: Биология — 10 класс (Стандарт) — Октябрь 2022, 2900, True
18:35:36 | 746233: Химия — 10 класс (Стандарт) — Октябрь 2022, 2440, True
18:35:36 | 746742: Английский язык с Шерин (Стандарт) — Ноябрь 2022, 0, True
18:35:36 | 746742: Английский язык с Шерин (Стандарт) — Декабрь 2022, 0, True
18:35:36 | 746742: Английский язык с Шерин (Стандарт) — Январь 2023, 0, True
18:35:36 | 746742: Пакет английский язык с Шерин (Стандарт) 2 месяца февраль-март, 0, True
18:35:36 | 746742: Английский язык с Шерин (Стандарт) — Апрель 2023, 0, True
18:35:36 | 746742: Английский язык с Шерин (Стандарт) — Май 2023, 0, True
18:35:36 | 748348: Биология с Линой (Про) — Октябрь 2022, 4490, True
18:35:36 | 749174: Русский язык — 10 класс (Премиум) — Октябрь 2022, 4990, True
18:35:36 | 749174: Обществознание с Ильёй — 10 класс (Премиум) — Октябрь 2022, 4270, True
18:35:36 | 749174: Английский язык с Настей — 10 класс (Премиум) — Октябрь 2022, 4080, True
18:35:36 | 749174: История — 10 класс (Премиум) — Октябрь 2022, 4080, True
18:35:36 | 749190: Обществознание ОГЭ (Стандарт) — Октябрь 2022, 2309, True
18:35:37 | 750232: Профильная математика с Артуром (Стандарт) — Октябрь 2022, 3506, True
18:35:37 | 750232: Обществознание (Стандарт) — Октябрь 2022, 2874, True
18:35:37 | 751257: История (Стандарт) — Октябрь 2022, 3506, True
18:35:37 | 751780: Физика ОГЭ (Стандарт) — Октябрь 2022, 2900, True
18:35:37 | 753454: Химия — 10 класс (Стандарт) — Октябрь 2022, 2900, True
18:35:37 | 753454: Русский язык — 10 класс (Стандарт) — Октябрь 2022, 2440, True
18:35:37 | 754660: Русский язык (Стандарт) — Октябрь 2022, 3690, True
18:35:37 | 754855: История ОГЭ (Стандарт) — Октябрь 2022, 2900, True
18:35:37 | 755904: Базовая математика (Стандарт) — Октябрь 2022, 2900, False
18:35:37 | 755904: Математика — 10 класс (Стандарт) — Октябрь 2022, 2900, True
18:35:37 | 756423: Химия с Богданом (Стандарт) — Октябрь 2022, 3690, True
18:35:38 | 756423: Биология с Жанной (Стандарт) — Октябрь 2022, 3025, True
18:35:39 | 764278: Русский язык — 10 класс (Стандарт) — Октябрь 2022, 2900, True
18:35:39 | 764278: Математика — 10 класс (Стандарт) — Октябрь 2022, 2440, True
18:35:39 | 765338: Математика — 10 класс (Стандарт) — Октябрь 2022, 2900, True
18:35:39 | 767992: Профильная математика с Аделией (Стандарт) — Сентябрь 2022, 3690, True
18:35:39 | 768713: Обществознание (Про) — Октябрь 2022, 3680, True
18:35:39 | 768713: Профильная математика с Андреем (Стандарт) — Октябрь 2022, 3690, True
18:35:39 | 768779: Литература — 10 класс (Стандарт) — Октябрь 2022, 2900, True
18:35:40 | 772328: География ОГЭ (Про) — Ноябрь 2022, 0, True
18:35:40 | 772328: География ОГЭ (Про) — Декабрь 2022, 0, True
18:35:40 | 772328: География ОГЭ (Про) — Январь 2023, 0, True
18:35:40 | 772328: География ОГЭ (Про) — Февраль 2023, 0, True
18:35:40 | 772328: Пакет география ОГЭ (Про) 2 месяца март-апрель, 0, True
18:35:40 | 772328: География ОГЭ (Про) — Май 2023, 0, True
18:35:40 | 775209: Химия с Богданом (Стандарт) — Октябрь 2022, 3025, True
18:35:40 | 776609: Биология — 10 класс (Стандарт) — Октябрь 2022, 2900, True
18:35:40 | 776609: Русский язык — 10 класс (Стандарт) — Октябрь 2022, 2440, True
18:35:41 | 777402: Математика — 10 класс (Стандарт) — Октябрь 2022, 2900, True
18:35:41 | 778468: Русский язык (Стандарт) — Октябрь 2022, 3690, True
18:35:41 | 778468: Химия с Богданом (Стандарт) — Октябрь 2022, 3025, True
18:35:41 | 778468: Биология с Жанной (Стандарт) — Октябрь 2022, 3025, True
18:35:41 | 778951: Базовая математика (Про) — Октябрь 2022, 3580, True
18:35:42 | 781435: Литература (Стандарт) — Октябрь 2022, 3025, True
18:35:42 | 783168: Обществознание ОГЭ (Стандарт) — Октябрь 2022, 2900, True
18:35:43 | 784550: Биология с Линой (Про) — Октябрь 2022, 4490, True
18:35:44 | 787350: История (Стандарт) — Сентябрь 2022, 3690, True
18:35:44 | 787350: История (Про) — Октябрь 2022, 4490, True
18:35:44 | 787517: Биология с Жанной (Стандарт) — Октябрь 2022, 3690, True
18:35:44 | 787882: Обществознание (Стандарт) — Октябрь 2022, 3690, True
18:35:44 | 787882: История (Стандарт) — Октябрь 2022, 3690, True
18:35:45 | 788188: Математика ОГЭ с Даниром (Стандарт) — Октябрь 2022, 2755, True
18:35:45 | 788314: Профильная математика с Аделией (Стандарт) — Октябрь 2022, 3690, True
18:35:45 | 788432: Информатика (Стандарт) — Октябрь 2022, 3690, True
18:35:45 | 789204: Обществознание ОГЭ (Стандарт) — Октябрь 2022, 2900, True
18:35:45 | 789612: Обществознание ОГЭ (Про) — Октябрь 2022, 3580, True
18:35:46 | 789920: Пакет информатика (Про) 7.5 месяцев октябрь-май, 30980, True
18:35:46 | 789989: История — 10 класс (Стандарт) — Октябрь 2022, 2900, True
18:35:46 | 790158: Русский язык — 10 класс (Про) — Октябрь 2022, 3580, True
18:35:46 | 790158: Обществознание с Ильёй — 10 класс (Про) — Октябрь 2022, 3010, True
18:35:46 | 790158: Английский язык с Сашей — 10 класс (Про) — Октябрь 2022, 2860, True
18:35:46 | 793109: История — 10 класс (Стандарт) — Октябрь 2022, 2900, True
18:35:48 | 794953: Химия ОГЭ с Александрой (Стандарт) — Октябрь 2022, 2900, True
18:35:48 | 795205: Биология с Жанной (Стандарт) — Октябрь 2022, 3025, True
18:35:48 | 795255: Литература (Стандарт) — Октябрь 2022, 2874, True
18:35:48 | 795669: История ОГЭ (Стандарт) — Сентябрь 2022, 2900, True
18:35:49 | 797042: Химия ОГЭ с Александрой (Стандарт) — Октябрь 2022, 2900, True
18:35:50 | 797042: Биология ОГЭ с Еленой (Стандарт) — Октябрь 2022, 2440, True
18:35:50 | 797598: Профильная математика с Артуром (Стандарт) — Октябрь 2022, 3690, True
18:35:50 | 797612: Химия с Настей (Стандарт) — Октябрь 2022, 3506, True
18:35:50 | 797892: Математика ОГЭ с Даниром (Про) — Октябрь 2022, 3580, True
18:35:51 | 800624: Профильная математика с Аделией (Стандарт) — Октябрь 2022, 0, True
18:35:51 | 800624: Профильная математика с Аделией (Стандарт) — Ноябрь 2022, 0, True
18:35:51 | 800624: Профильная математика с Аделией (Стандарт) — Декабрь 2022, 0, True
18:35:51 | 800624: Профильная математика с Аделией (Стандарт) — Январь 2023, 0, True
18:35:51 | 800624: Профильная математика с Аделией (Стандарт) — Февраль 2023, 0, True
18:35:51 | 800624: Профильная математика с Аделией (Стандарт) — Март 2023, 0, True
18:35:51 | 800624: Профильная математика с Аделией (Стандарт) — Апрель 2023, 0, True
18:35:51 | 800624: Профильная математика с Аделией (Стандарт) — Май 2023, 0, True
18:35:51 | 801008: Обществознание (Стандарт) — Октябрь 2022, 3690, True
18:35:52 | 802403: Обществознание (Про) — Октябрь 2022, 4266, True
18:35:52 | 802867: География ОГЭ (Стандарт) — Октябрь 2022, 2210, True
18:35:52 | 803205: Обществознание ОГЭ (Стандарт) — Октябрь 2022, 2900, True
18:35:52 | 803687: Обществознание (Стандарт) — Октябрь 2022, 3506, True
18:35:52 | 803687: Русский язык (Стандарт) — Октябрь 2022, 2874, True
18:35:53 | 804084: Литература ОГЭ (Стандарт) — Октябрь 2022, 2900, True
18:35:53 | 804142: Профильная математика с Артуром (Стандарт) — Октябрь 2022, 2874, True
18:35:53 | 804484: Математика ОГЭ с Даниром (Стандарт) — Октябрь 2022, 2900, True
18:35:53 | 804776: Обществознание (Стандарт) — Октябрь 2022, 3690, True
18:35:53 | 804789: Английский язык с Айнуром (Стандарт) — Октябрь 2022, 2874, True
18:35:53 | 805415: Литература (Стандарт) — Октябрь 2022, 3690, True
18:35:54 | 805548: Английский язык с Миленой (Стандарт) — Октябрь 2022, 2810, True
18:35:54 | 806262: Русский язык ОГЭ с Настей (Стандарт) — Октябрь 2022, 0, True
18:35:54 | 806462: История (Про) — Октябрь 2022, 0, True
18:35:55 | 806630: Литература ОГЭ (Стандарт) — Октябрь 2022, 2755, True
18:35:55 | 806874: История (Про) — Октябрь 2022, 3496, True
18:35:55 | 807377: Химия — 10 класс (Про) — Октябрь 2022, 3010, True
18:35:56 | 807757: Пакет биология с Жанной (Про) 4 месяца октябрь-январь, 800, True
18:35:56 | 807974: Обществознание (Про) — Октябрь 2022, 4490, True
18:35:57 | 810475: Профильная математика с Андреем (Стандарт) — Октябрь 2022, 3025, True
18:35:57 | 812107: Литература (Стандарт) — Октябрь 2022, 2874, True
18:35:57 | 812403: Биология с Жанной (Стандарт) — Октябрь 2022, 3690, True
18:35:58 | 813105: Русский язык (Стандарт) — Октябрь 2022, 3690, True
18:35:58 | 813182: Математика ОГЭ с Даниром (Стандарт) — Октябрь 2022, 2900, True
18:35:58 | 813182: Физика ОГЭ (Стандарт) — Октябрь 2022, 2440, True
18:35:58 | 813256: История ОГЭ (Про) — Октябрь 2022, 3580, True
18:35:58 | 813256: Обществознание ОГЭ (Стандарт) — Октябрь 2022, 2440, True
18:35:58 | 813552: Химия — 10 класс (Стандарт) — Октябрь 2022, 2440, True
18:35:58 | 813552: Биология — 10 класс (Стандарт) — Октябрь 2022, 2210, True
18:35:58 | 813552: Русский язык — 10 класс (Стандарт) — Октябрь 2022, 2900, True
18:35:58 | 814241: Биология с Жанной (Стандарт) — Октябрь 2022, 3690, True
18:35:58 | 814261: Обществознание ОГЭ (Про) — Октябрь 2022, 3580, True
18:35:59 | 814421: Математика ОГЭ с Даниром (Стандарт) — Октябрь 2022, 2900, True
18:35:59 | 814421: Обществознание ОГЭ (Стандарт) — Октябрь 2022, 2440, True
18:35:59 | 814421: История ОГЭ (Стандарт) — Октябрь 2022, 2210, True
18:35:59 | 814653: История ОГЭ (Стандарт) — Октябрь 2022, 2755, True
18:35:59 | 814807: Математика ОГЭ с Даниром (Стандарт) — Октябрь 2022, 2440, True
18:35:59 | 814807: Обществознание ОГЭ (Стандарт) — Октябрь 2022, 2210, True
18:36:00 | 815048: Биология с Линой (Стандарт) — Октябрь 2022, 3690, True
18:36:00 | 815714: История (Стандарт) — Октябрь 2022, 3690, True
18:36:00 | 815963: Биология с Жанной (Стандарт) — Октябрь 2022, 3690, True
18:36:00 | 815974: Обществознание ОГЭ (Стандарт) — Октябрь 2022, 2440, True
18:36:01 | 816880: История — 10 класс (Стандарт) — Октябрь 2022, 0, True
18:36:01 | 817048: Биология ОГЭ с Никитой (Стандарт) — Октябрь 2022, 2900, True
18:36:01 | 817048: Химия ОГЭ с Денисом (Стандарт) — Октябрь 2022, 2440, True
18:36:01 | 817354: Обществознание (Про) — Октябрь 2022, 3680, True
18:36:01 | 817354: Русский язык (Про) — Октябрь 2022, 4490, True
18:36:01 | 817354: История (Про) — Октябрь 2022, 3680, True
18:36:01 | 817765: Английский язык с Миленой (Стандарт) — Октябрь 2022, 3025, True
18:36:02 | 817840: Обществознание ОГЭ (Про) — Октябрь 2022, 3580, True
18:36:02 | 817845: Математика ОГЭ с Даниром (Стандарт) — Октябрь 2022, 2440, True
18:36:02 | 818227: Химия с Настей (Стандарт) — Октябрь 2022, 3690, True
18:36:02 | 818307: Русский язык (Стандарт) — Октябрь 2022, 3690, True
18:36:02 | 818408: Литература (Стандарт) — Октябрь 2022, 3690, True
18:36:02 | 819013: География ОГЭ (Стандарт) — Октябрь 2022, 2440, True
18:36:02 | 819013: Информатика ОГЭ (Стандарт) — Октябрь 2022, 2210, True
18:36:02 | 819294: Русский язык (Про) — Октябрь 2022, 4266, True
18:36:02 | 819294: Химия с Богданом (Про) — Октябрь 2022, 3496, True
18:36:03 | 819294: Базовая математика (Про) — Октябрь 2022, 3401, True
18:36:03 | 820266: Литература (Про) — Октябрь 2022, 4490, True
18:36:03 | 820422: Русский язык (Стандарт) — Октябрь 2022, 3690, True
18:36:04 | 821179: Профильная математика с Аделией (Стандарт) — Октябрь 2022, 3506, True
18:36:04 | 821179: Обществознание (Стандарт) — Октябрь 2022, 3025, True
18:36:04 | 821245: Русский язык (Стандарт) — Октябрь 2022, 3690, True
18:36:04 | 821370: Русский язык ОГЭ с Ольгой (Стандарт) — Октябрь 2022, 2900, True
18:36:04 | 821442: Русский язык (Стандарт) — Октябрь 2022, 3690, True
18:36:04 | 821668: Обществознание ОГЭ (Стандарт) — Октябрь 2022, 2900, True
18:36:05 | 823077: Биология с Жанной (Стандарт) — Октябрь 2022, 3506, True
18:36:05 | 823077: Химия с Богданом (Стандарт) — Октябрь 2022, 2874, True
18:36:05 | 823291: Обществознание (Про) — Октябрь 2022, 4490, True
18:36:05 | 823291: История (Про) — Октябрь 2022, 3680, True
18:36:06 | 824577: Биология — 10 класс (Про) — Октябрь 2022, 3580, True
18:36:06 | 824785: Биология с Жанной (Стандарт) — Октябрь 2022, 3690, True
18:36:06 | 824856: История (Стандарт) — Октябрь 2022, 3025, True
18:36:06 | 825105: Обществознание (Про) — Октябрь 2022, 4490, True
18:36:06 | 825240: Русский язык (Стандарт) — Октябрь 2022, 3025, True
18:36:06 | 825432: Биология ОГЭ с Никитой (Стандарт) — Октябрь 2022, 2755, True
18:36:07 | 825570: Русский язык (Стандарт) — Октябрь 2022, 3025, True
18:36:07 | 826438: Профильная математика с Артуром (Стандарт) — Октябрь 2022, 3025, True
18:36:07 | 826688: Обществознание ОГЭ (Стандарт) — Октябрь 2022, 2900, True
18:36:07 | 826688: Математика ОГЭ с Даниром (Стандарт) — Октябрь 2022, 2440, True
18:36:07 | 826688: Английский язык ОГЭ (Стандарт) — Октябрь 2022, 2210, True
18:36:08 | 827514: Обществознание (Стандарт) — Октябрь 2022, 3690, True
18:36:08 | 827544: Обществознание (Стандарт) — Октябрь 2022, 3690, True
18:36:08 | 827544: История (Стандарт) — Октябрь 2022, 3025, True
18:36:09 | 828033: Английский язык с Айнуром (Стандарт) — Октябрь 2022, 0, True
18:36:09 | 828033: Английский язык с Шерин (Стандарт) — Октябрь 2022, 0, True
18:36:09 | 828120: Математика ОГЭ с Даниром (Стандарт) — Октябрь 2022, 2900, True
18:36:09 | 828475: Химия ОГЭ с Александрой (Стандарт) — Октябрь 2022, 2900, True
18:36:09 | 828475: Биология ОГЭ с Никитой (Стандарт) — Октябрь 2022, 2440, True
18:36:09 | 828598: Обществознание (Стандарт) — Октябрь 2022, 3025, True
18:36:09 | 828598: Профильная математика с Андреем (Стандарт) — Октябрь 2022, 3690, True
18:36:10 | 829321: Обществознание ОГЭ (Стандарт) — Октябрь 2022, 2400, True
18:36:10 | 829321: Математика ОГЭ с Даниром (Стандарт) — Октябрь 2022, 2440, True
18:36:10 | 829593: Профильная математика с Артуром (Стандарт) — Октябрь 2022, 3690, True
18:36:10 | 829593: Информатика (Стандарт) — Октябрь 2022, 3025, True
18:36:11 | 829596: Английский язык с Миленой (Стандарт) — Октябрь 2022, 3025, True
18:36:11 | 829596: Английский язык с Айнуром (Стандарт) — Октябрь 2022, 0, True
18:36:11 | 829596: Английский язык с Шерин (Стандарт) — Октябрь 2022, 0, True
18:36:11 | 829875: Русский язык (Стандарт) — Октябрь 2022, 3690, True
18:36:11 | 829875: Обществознание (Стандарт) — Октябрь 2022, 3025, True
18:36:11 | 829919: История (Стандарт) — Октябрь 2022, 3690, True
18:36:11 | 829919: Обществознание (Стандарт) — Октябрь 2022, 3690, True
18:36:11 | 829922: Информатика (Стандарт) — Октябрь 2022, 3690, True
18:36:11 | 830224: Физика с Максом (Стандарт) — Октябрь 2022, 0, True
18:36:11 | 830264: Русский язык (Стандарт) — Октябрь 2022, 3025, True
18:36:12 | 830563: Химия с Богданом (Стандарт) — Октябрь 2022, 3690, True
18:36:12 | 830781: Обществознание ОГЭ (Стандарт) — Октябрь 2022, 2440, True
18:36:12 | 830851: Русский язык (Стандарт) — Октябрь 2022, 3025, True
18:36:13 | 831130: Математика ОГЭ с Даниром (Стандарт) — Октябрь 2022, 2900, True
18:36:13 | 831333: Биология с Линой (Стандарт) — Октябрь 2022, 3690, True
18:36:14 | 831740: Биология ОГЭ с Еленой (Стандарт) — Октябрь 2022, 2900, True
18:36:14 | 831833: Биология ОГЭ с Еленой (Стандарт) — Октябрь 2022, 2440, True
18:36:14 | 831833: Обществознание ОГЭ (Стандарт) — Октябрь 2022, 2900, True
18:36:14 | 832021: Обществознание (Стандарт) — Октябрь 2022, 3690, True
18:36:14 | 832021: История (Стандарт) — Октябрь 2022, 3025, True
18:36:14 | 832112: Химия с Богданом (Стандарт) — Октябрь 2022, 3690, True
18:36:14 | 832112: Биология с Линой (Стандарт) — Октябрь 2022, 3025, True
18:36:15 | 832388: Биология с Жанной (Премиум) — Октябрь 2022, 4500, True
18:36:15 | 832388: Химия с Богданом (Премиум) — Октябрь 2022, 5490, True
18:36:15 | 832462: Биология — 10 класс (Стандарт) — Октябрь 2022, 2900, True
18:36:16 | 833164: Математика ОГЭ с Даниром (Стандарт) — Октябрь 2022, 2900, True
18:36:16 | 833173: Химия ОГЭ с Денисом (Про) — Октябрь 2022, 3580, True
18:36:16 | 833183: История (Про) — Октябрь 2022, 3680, True
18:36:16 | 833516: Информатика (Стандарт) — Октябрь 2022, 3025, True
18:36:16 | 833570: География ОГЭ (Стандарт) — Октябрь 2022, 2755, True
18:36:16 | 834014: Литература (Стандарт) — Октябрь 2022, 3690, True
18:36:17 | 834289: Профильная математика с Артуром (Стандарт) — Октябрь 2022, 3690, True
18:36:17 | 834361: Русский язык (Про) — Октябрь 2022, 4490, True
18:36:17 | 834524: Английский язык с Шерин (Про) — Октябрь 2022, 0, True
18:36:17 | 834564: Профильная математика с Артуром (Стандарт) — Октябрь 2022, 3690, True
18:36:17 | 834740: История — 10 класс (Стандарт) — Октябрь 2022, 2900, True
18:36:17 | 835036: Базовая математика (Стандарт) — Октябрь 2022, 2900, True
18:36:17 | 835036: Русский язык (Стандарт) — Октябрь 2022, 3690, True
18:36:18 | 835036: Обществознание (Стандарт) — Октябрь 2022, 3025, True
18:36:18 | 835036: Биология с Линой (Стандарт) — Октябрь 2022, 3025, True
18:36:18 | 835567: Английский язык с Миленой (Стандарт) — Октябрь 2022, 3690, True
18:36:19 | 836046: Химия ОГЭ с Александрой (Стандарт) — Октябрь 2022, 2755, True
18:36:19 | 836256: Русский язык (Премиум) — Октябрь 2022, 5990, True
18:36:19 | 836560: Обществознание (Стандарт) — Октябрь 2022, 3690, True
18:36:20 | 837096: История ОГЭ (Стандарт) — Октябрь 2022, 2900, True
18:36:20 | 837164: Литература ОГЭ (Стандарт) — Октябрь 2022, 2900, True
18:36:20 | 837164: Английский язык ОГЭ (Стандарт) — Октябрь 2022, 2440, True
18:36:20 | 837411: Английский язык с Айнуром (Стандарт) — Октябрь 2022, 0, True
18:36:20 | 837411: Английский язык с Шерин (Стандарт) — Октябрь 2022, 0, True
18:36:21 | 837743: Математика — 10 класс (Про) — Октябрь 2022, 3010, True
18:36:21 | 837761: Обществознание (Стандарт) — Октябрь 2022, 3690, True
18:36:21 | 837883: Математика ОГЭ с Даниром (Про) — Октябрь 2022, 0, True
18:36:22 | 838401: Обществознание (Стандарт) — Октябрь 2022, 3469, True
18:36:22 | 838815: История — 10 класс (Стандарт) — Октябрь 2022, 2900, False
18:36:22 | 838944: Обществознание (Стандарт) — Октябрь 2022, 3690, True
18:36:22 | 838944: Биология с Линой (Про) — Октябрь 2022, 3680, True
18:36:22 | 839056: Обществознание с Ильёй — 10 класс (Стандарт) — Октябрь 2022, 2900, True
18:36:22 | 839314: Обществознание (Про) — Октябрь 2022, 4490, True
18:36:23 | 839383: Русский язык (Стандарт) — Сентябрь 2022, 3690, True
18:36:23 | 839383: Профильная математика с Артуром (Стандарт) — Сентябрь 2022, 3025, True
18:36:23 | 839383: Обществознание (Стандарт) — Сентябрь 2022, 3025, True
18:36:23 | 839527: Пакет история — 10 класс (Стандарт) 9 месяцев сентябрь-май, 19760, True
18:36:23 | 839837: Русский язык (Стандарт) — Октябрь 2022, 3690, True
18:36:24 | 840243: Физика ОГЭ (Стандарт) — Октябрь 2022, 2900, True
18:36:24 | 840243: Информатика ОГЭ (Стандарт) — Октябрь 2022, 2440, True
18:36:24 | 840458: Биология с Жанной (Премиум) — Октябрь 2022, 5990, True
18:36:25 | 840644: Русский язык ОГЭ с Ольгой (Стандарт) — Октябрь 2022, 2210, True
18:36:25 | 840705: Обществознание (Стандарт) — Октябрь 2022, 3690, True
18:36:25 | 840705: Информатика (Стандарт) — Октябрь 2022, 3025, True
18:36:25 | 840827: Биология с Жанной (Стандарт) — Октябрь 2022, 3690, True
18:36:25 | 840827: Обществознание (Стандарт) — Октябрь 2022, 3025, True
18:36:25 | 840827: Базовая математика (Про) — Октябрь 2022, 3580, True
18:36:25 | 840853: Математика — 10 класс (Стандарт) — Октябрь 2022, 2900, True
18:36:25 | 840870: Химия ОГЭ с Александрой (Стандарт) — Октябрь 2022, 2900, True
18:36:25 | 841116: Пакет физика с Максом (Про) 7.5 месяцев октябрь-май, 30980, True
18:36:25 | 841245: Литература ОГЭ (Стандарт) — Октябрь 2022, 2900, True
18:36:25 | 841245: Обществознание ОГЭ (Стандарт) — Октябрь 2022, 2440, True
18:36:26 | 842282: Обществознание (Стандарт) — Октябрь 2022, 3690, True
18:36:26 | 842448: История ОГЭ (Стандарт) — Октябрь 2022, 2900, True
18:36:26 | 842547: Биология с Жанной (Стандарт) — Октябрь 2022, 3025, True
18:36:27 | 842685: Обществознание ОГЭ (Стандарт) — Октябрь 2022, 2900, True
18:36:27 | 843176: Обществознание (Стандарт) — Октябрь 2022, 3025, True
18:36:27 | 843230: История (Стандарт) — Октябрь 2022, 3690, True
18:36:28 | 843322: Обществознание (Про) — Октябрь 2022, 4266, True
18:36:28 | 843397: Базовая математика (Стандарт) — Октябрь 2022, 2900, True
18:36:28 | 843483: Профильная математика с Аделией (Стандарт) — Октябрь 2022, 3690, True
18:36:28 | 843588: Биология ОГЭ с Никитой (Стандарт) — Октябрь 2022, 2900, True
18:36:28 | 843982: Обществознание (Стандарт) — Октябрь 2022, 3690, True
18:36:29 | 843999: Математика ОГЭ с Даниром (Стандарт) — Октябрь 2022, 2900, True
18:36:29 | 844137: Информатика — 10 класс (Стандарт) — Октябрь 2022, 2900, True
18:36:29 | 844290: Математика ОГЭ с Даниром (Стандарт) — Октябрь 2022, 2900, True
18:36:30 | 844433: Русский язык ОГЭ с Ольгой (Про) — Октябрь 2022, 3580, True
18:36:30 | 844487: Биология — 10 класс (Стандарт) — Сентябрь 2022, 2900, True
18:36:30 | 844576: Биология с Линой (Стандарт) — Октябрь 2022, 3690, True
18:36:30 | 844622: Русский язык ОГЭ с Ольгой (Стандарт) — Октябрь 2022, 2440, True
18:36:30 | 844786: Пакет русский язык ОГЭ с Ольгой (Про) 4 месяца октябрь-январь, 13600, True
18:36:30 | 844786: Пакет математика ОГЭ с Даниром (Про) 2 месяца октябрь-ноябрь, 7160, True
18:36:30 | 844786: Пакет математика ОГЭ с Даниром (Про) 2 месяца декабрь-январь, 4275, True
18:36:30 | 844786: Пакет обществознание ОГЭ (Про) 4 месяца октябрь-январь, 10865, True
18:36:30 | 844914: Математика ОГЭ с Даниром (Стандарт) — Октябрь 2022, 2900, True
18:36:30 | 845163: Химия с Богданом (Стандарт) — Октябрь 2022, 3690, True
18:36:31 | 845339: Химия ОГЭ с Денисом (Стандарт) — Октябрь 2022, 2900, True
18:36:31 | 845339: Биология ОГЭ с Еленой (Стандарт) — Октябрь 2022, 2440, True
18:36:31 | 845460: Информатика (Стандарт) — Октябрь 2022, 3506, True
18:36:31 | 845460: Профильная математика с Аделией (Стандарт) — Октябрь 2022, 2874, True
18:36:31 | 845668: Химия с Богданом (Стандарт) — Октябрь 2022, 3690, True
18:36:31 | 845668: Биология с Жанной (Стандарт) — Октябрь 2022, 3025, True
18:36:31 | 845703: Математика ОГЭ с Даниром (Про) — Октябрь 2022, 3580, True
18:36:32 | 846548: Химия ОГЭ с Александрой (Про) — Октябрь 2022, 3580, True
18:36:32 | 846639: Русский язык (Про) — Октябрь 2022, 0, True
18:36:32 | 846639: Информатика (Про) — Октябрь 2022, 0, True
18:36:32 | 846709: Математика ОГЭ с Даниром (Стандарт) — Октябрь 2022, 2900, True
18:36:32 | 846939: Русский язык (Стандарт) — Октябрь 2022, 2874, True
18:36:33 | 846968: Профильная математика с Андреем (Про) — Октябрь 2022, 3680, True
18:36:33 | 846968: Русский язык (Стандарт) — Октябрь 2022, 3690, True
18:36:33 | 846969: Обществознание ОГЭ (Стандарт) — Октябрь 2022, 2900, True
18:36:33 | 846971: Биология с Жанной (Стандарт) — Октябрь 2022, 3690, True
18:36:33 | 847493: Обществознание (Стандарт) — Октябрь 2022, 3690, True
18:36:34 | 847675: Русский язык (Стандарт) — Октябрь 2022, 3690, True
18:36:35 | 848042: История (Стандарт) — Октябрь 2022, 3690, False
18:36:35 | 848097: Профильная математика с Артуром (Стандарт) — Октябрь 2022, 3690, True
18:36:35 | 848597: Обществознание (Стандарт) — Октябрь 2022, 3690, True
18:36:36 | 849363: История ОГЭ (Стандарт) — Октябрь 2022, 2900, True
18:36:36 | 849514: Обществознание ОГЭ (Про) — Октябрь 2022, 3580, True
18:36:37 | 849674: Математика ОГЭ с Даниром (Стандарт) — Октябрь 2022, 2900, True
18:36:37 | 849951: Математика ОГЭ с Даниром (Стандарт) — Октябрь 2022, 2900, False
18:36:38 | 850514: Литература (Стандарт) — Октябрь 2022, 3690, True
18:36:38 | 850598: Биология с Жанной (Стандарт) — Октябрь 2022, 3690, True
18:36:39 | 850778: Обществознание ОГЭ (Про) — Октябрь 2022, 3580, True
18:36:39 | 850778: География ОГЭ (Стандарт) — Октябрь 2022, 2440, True
18:36:40 | 851549: Обществознание (Про) — Октябрь 2022, 4266, True
18:36:40 | 851640: Профильная математика с Артуром (Стандарт) — Октябрь 2022, 3690, True
18:36:40 | 852040: Русский язык (Про) — Октябрь 2022, 4490, True
18:36:41 | 852175: Обществознание (Стандарт) — Октябрь 2022, 3025, True
18:36:41 | 852175: Биология с Линой (Стандарт) — Октябрь 2022, 3690, True
18:36:41 | 852362: Литература (Стандарт) — Октябрь 2022, 3690, True
18:36:41 | 852624: Русский язык (Стандарт) — Октябрь 2022, 3690, True
18:36:42 | 852964: Профильная математика с Артуром (Стандарт) — Октябрь 2022, 3025, True
18:36:42 | 853406: История (Стандарт) — Октябрь 2022, 3690, True
18:36:42 | 853420: История (Стандарт) — Октябрь 2022, 3690, True
18:36:43 | 853790: Пакет английский язык с Айнуром (Стандарт) 7.5 месяцев октябрь-май, 25460, True
18:36:43 | 853903: Пакет русский язык (Стандарт) 8.5 месяцев сентябрь-май, 23655, True
18:36:44 | 854807: Обществознание (Про) — Октябрь 2022, 4490, True
18:36:44 | 854826: Обществознание ОГЭ (Стандарт) — Октябрь 2022, 2900, True
18:36:45 | 855561: Русский язык (Стандарт) — Октябрь 2022, 3690, True
18:36:45 | 855565: Химия с Богданом (Премиум) — Октябрь 2022, 5000, True
18:36:45 | 855734: Обществознание ОГЭ (Про) — Октябрь 2022, 3580, True
18:36:46 | 855734: География ОГЭ (Про) — Октябрь 2022, 3010, True
18:36:47 | 856991: Информатика (Стандарт) — Октябрь 2022, 3690, True
18:36:47 | 857028: Обществознание (Стандарт) — Сентябрь 2022, 3190, True
18:36:47 | 857101: Обществознание (Стандарт) — Октябрь 2022, 3690, True
18:36:48 | 857266: Русский язык (Про) — Октябрь 2022, 4490, True
18:36:48 | 857266: Обществознание (Про) — Октябрь 2022, 3680, True
18:36:48 | 857266: Английский язык с Шерин (Про) — Октябрь 2022, 3680, True
18:36:48 | 857306: Биология с Линой (Про) — Октябрь 2022, 3680, True
18:36:48 | 857653: Профильная математика с Андреем (Стандарт) — Сентябрь 2022, 3025, True
18:36:49 | 858093: Биология ОГЭ с Еленой (Про) — Октябрь 2022, 3010, True
18:36:49 | 858093: Химия ОГЭ с Александрой (Про) — Октябрь 2022, 3580, True
18:36:49 | 858115: Пакет профильная математика с Андреем (Про) 7.5 месяцев октябрь-май, 30080, True
18:36:50 | 858209: Информатика (Стандарт) — Октябрь 2022, 3690, True
18:36:50 | 858304: Математика ОГЭ с Даниром (Стандарт) — Сентябрь 2022, 2440, True
18:36:50 | 858304: Математика ОГЭ с Даниром (Стандарт) — Октябрь 2022, 2440, True
18:36:50 | 858326: Биология с Жанной (Стандарт) — Октябрь 2022, 3025, True
18:36:50 | 858344: Информатика (Стандарт) — Октябрь 2022, 3690, True
18:36:50 | 858906: Литература ОГЭ (Стандарт) — Октябрь 2022, 2900, True
18:36:51 | 858942: Базовая математика (Премиум) — Октябрь 2022, 4990, True
18:36:51 | 859193: Русский язык (Стандарт) — Октябрь 2022, 3190, True
18:36:51 | 859218: Русский язык (Про) — Октябрь 2022, 4490, True
18:36:52 | 859433: Английский язык ОГЭ (Стандарт) — Октябрь 2022, 2900, True
18:36:52 | 859509: Профильная математика с Артуром (Стандарт) — Октябрь 2022, 3025, True
18:36:52 | 859574: Математика ОГЭ с Даниром (Стандарт) — Октябрь 2022, 2900, True
18:36:52 | 859622: Литература (Стандарт) — Октябрь 2022, 3690, True
18:36:52 | 859622: Английский язык с Айнуром (Стандарт) — Октябрь 2022, 3025, True
18:36:52 | 859680: Химия с Богданом (Стандарт) — Октябрь 2022, 3025, True
18:36:53 | 859899: Обществознание (Премиум) — Октябрь 2022, 5490, True
18:36:53 | 859939: Профильная математика с Артуром (Стандарт) — Октябрь 2022, 3690, True
18:36:53 | 859939: Физика с Максом (Стандарт) — Октябрь 2022, 3025, True
18:36:53 | 860425: История (Стандарт) — Октябрь 2022, 3690, True
18:36:54 | 860614: Пакет обществознание (Стандарт) 7.5 месяцев октябрь-май, 25460, True
18:36:54 | 860645: История (Стандарт) — Октябрь 2022, 3690, True
18:36:54 | 860735: Русский язык (Стандарт) — Октябрь 2022, 3690, True
18:36:55 | 860997: История (Про) — Октябрь 2022, 4490, True
18:36:55 | 861010: Обществознание с Ильёй — 10 класс (Премиум) — Октябрь 2022, 4990, True
18:36:55 | 861178: Русский язык (Стандарт) — Октябрь 2022, 3690, True
18:36:55 | 861235: Математика ОГЭ с Даниром (Стандарт) — Октябрь 2022, 2900, True
18:36:56 | 861753: Химия с Настей (Стандарт) — Октябрь 2022, 3690, True
18:36:56 | 861753: Биология с Жанной (Стандарт) — Октябрь 2022, 3025, True
18:36:56 | 862606: Профильная математика с Аделией (Стандарт) — Октябрь 2022, 3690, True
18:36:56 | 862606: Физика с Максом (Стандарт) — Октябрь 2022, 3025, True
18:36:56 | 862731: Математика ОГЭ с Даниром (Стандарт) — Октябрь 2022, 2900, True
18:36:57 | 862942: Обществознание ОГЭ (Про) — Октябрь 2022, 3010, True
18:36:57 | 863227: Математика — 10 класс (Стандарт) — Сентябрь 2022, 2900, True
18:36:58 | 863879: Химия ОГЭ с Александрой (Стандарт) — Октябрь 2022, 2900, True
18:36:59 | 863879: Математика ОГЭ с Даниром (Стандарт) — Октябрь 2022, 1940, True
18:37:00 | 865235: Профильная математика с Артуром (Стандарт) — Октябрь 2022, 3025, True
18:37:00 | 865244: История (Стандарт) — Ноябрь 2022, 0, True
18:37:00 | 865244: История (Стандарт) — Декабрь 2022, 0, True
18:37:00 | 865244: История (Стандарт) — Январь 2023, 0, True
18:37:00 | 865420: Математика ОГЭ с Даниром (Стандарт) — Октябрь 2022, 2400, True
18:37:00 | 865750: География (Стандарт) — Октябрь 2022, 3690, True
18:37:00 | 865990: Биология ОГЭ с Еленой (Стандарт) — Октябрь 2022, 2900, True
18:37:02 | 867126: Литература (Про) — Октябрь 2022, 4490, True
18:37:02 | 867126: Русский язык (Про) — Октябрь 2022, 3680, True
18:37:02 | 867399: Обществознание (Стандарт) — Октябрь 2022, 3025, True
18:37:03 | 868125: Профильная математика с Артуром (Премиум) — Октябрь 2022, 5000, True
18:37:03 | 868307: Литература ОГЭ (Стандарт) — Сентябрь 2022, 2900, True
18:37:03 | 868322: Биология с Жанной (Про) — Октябрь 2022, 4490, True
18:37:03 | 868547: Информатика (Стандарт) — Октябрь 2022, 3690, True
18:37:04 | 869104: Профильная математика с Артуром (Стандарт) — Октябрь 2022, 3690, True
18:37:04 | 869283: Пакет обществознание (Про) 7.5 месяцев октябрь-май, 30980, True
18:37:05 | 869719: Физика ОГЭ (Про) — Октябрь 2022, 3580, True
18:37:05 | 870096: Биология — 10 класс (Стандарт) — Сентябрь 2022, 2900, True
18:37:05 | 870344: География (Стандарт) — Октябрь 2022, 3690, True
18:37:06 | 870669: Обществознание (Стандарт) — Октябрь 2022, 3690, True
18:37:07 | 870853: Пакет физика с Максом (Стандарт) 4 месяца октябрь-январь, 14020, True
18:37:07 | 870853: Профильная математика с Артуром (Стандарт) — Октябрь 2022, 3025, True
18:37:07 | 870982: Физика ОГЭ (Стандарт) — Октябрь 2022, 2900, True
18:37:07 | 871071: История (Стандарт) — Октябрь 2022, 3690, True
18:37:07 | 871155: История ОГЭ (Стандарт) — Октябрь 2022, 2755, True
18:37:08 | 871355: История ОГЭ (Про) — Октябрь 2022, 3010, True
18:37:08 | 871356: Биология с Жанной (Про) — Октябрь 2022, 4490, True
18:37:08 | 871374: Пакет история ОГЭ (Стандарт) 7.5 месяцев октябрь-май, 19575, True
18:37:09 | 871508: Физика ОГЭ (Стандарт) — Октябрь 2022, 2900, True
18:37:09 | 871533: Пакет обществознание (Стандарт) 4 месяца октябрь-январь, 14020, True
18:37:09 | 871568: Биология с Жанной (Стандарт) — Октябрь 2022, 3690, True
18:37:09 | 871568: Профильная математика с Артуром (Стандарт) — Октябрь 2022, 3025, True
18:37:09 | 871568: Обществознание (Стандарт) — Октябрь 2022, 3025, True
18:37:09 | 871598: Базовая математика (Про) — Октябрь 2022, 3580, True
18:37:09 | 871646: Химия — 10 класс (Про) — Октябрь 2022, 3580, True
18:37:09 | 871687: Биология с Жанной (Стандарт) — Октябрь 2022, 3690, True
18:37:09 | 871806: История ОГЭ (Стандарт) — Октябрь 2022, 2440, True
18:37:09 | 871806: Обществознание ОГЭ (Стандарт) — Октябрь 2022, 2210, True
18:37:10 | 871960: Русский язык (Стандарт) — Октябрь 2022, 3690, True
18:37:10 | 871960: Биология с Линой (Стандарт) — Октябрь 2022, 3025, True
18:37:10 | 872011: Английский язык с Настей — 10 класс (Стандарт) — Октябрь 2022, 2900, True
18:37:10 | 872175: Профильная математика с Андреем (Стандарт) — Октябрь 2022, 3025, True
18:37:11 | 872281: Физика ОГЭ (Стандарт) — Октябрь 2022, 2900, True
18:37:11 | 872286: Химия с Настей (Стандарт) — Сентябрь 2022, 3690, True
18:37:12 | 872764: Обществознание ОГЭ (Стандарт) — Октябрь 2022, 2900, True
18:37:12 | 872780: Пакет профильная математика с Артуром (Стандарт) 5 месяцев октябрь-февраль, 17525, True
18:37:12 | 872831: Пакет информатика (Стандарт) 7.5 месяцев октябрь-май, 20870, True
18:37:12 | 872912: Обществознание (Стандарт) — Октябрь 2022, 3690, True
18:37:13 | 873044: Английский язык с Айнуром (Стандарт) — Октябрь 2022, 0, True
18:37:13 | 873044: Английский язык с Шерин (Стандарт) — Октябрь 2022, 0, True
18:37:13 | 873183: Обществознание (Про) — Октябрь 2022, 4490, True
18:37:13 | 873183: История (Про) — Октябрь 2022, 3680, True
18:37:13 | 873185: Русский язык (Стандарт) — Октябрь 2022, 3690, True
18:37:15 | 873529: История — 10 класс (Про) — Октябрь 2022, 3580, True
18:37:15 | 873553: Пакет литература (Стандарт) 4 месяца октябрь-январь, 14020, True
18:37:15 | 873572: Русский язык (Стандарт) — Октябрь 2022, 3506, True
18:37:15 | 873652: Литература ОГЭ (Стандарт) — Сентябрь 2022, 2900, True
18:37:16 | 873694: География ОГЭ (Стандарт) — Октябрь 2022, 2900, True
18:37:16 | 873751: Обществознание (Стандарт) — Октябрь 2022, 2874, True
18:37:16 | 873751: История (Стандарт) — Октябрь 2022, 3190, True
18:37:18 | 874145: Русский язык (Про) — Октябрь 2022, 4490, True
18:37:18 | 874145: Профильная математика с Артуром (Про) — Октябрь 2022, 3680, True
18:37:18 | 874145: Обществознание (Про) — Октябрь 2022, 3680, True
18:37:18 | 874291: Английский язык с Айнуром (Стандарт) — Октябрь 2022, 3025, True
18:37:19 | 874403: Русский язык (Стандарт) — Октябрь 2022, 3025, True
18:37:19 | 874473: Физика с Максом (Стандарт) — Октябрь 2022, 3690, True
18:37:20 | 874538: Математика ОГЭ с Даниром (Премиум) — Октябрь 2022, 4990, True
18:37:20 | 874548: Пакет информатика (Про) 7.5 месяцев октябрь-май, 30980, True
18:37:22 | 874869: Химия с Настей (Стандарт) — Октябрь 2022, 3690, False
18:37:22 | 874869: Биология с Жанной (Стандарт) — Октябрь 2022, 3690, False
18:37:22 | 874931: Математика — 10 класс (Стандарт) — Октябрь 2022, 2900, True
18:37:22 | 874931: Обществознание с Ильёй — 10 класс (Стандарт) — Октябрь 2022, 2440, True
18:37:22 | 874931: Информатика — 10 класс (Стандарт) — Октябрь 2022, 2210, True
18:37:22 | 875046: Пакет обществознание (Стандарт) 7.5 месяцев октябрь-май, 25460, False
18:37:23 | 875076: Математика ОГЭ с Даниром (Стандарт) — Октябрь 2022, 2440, True
18:37:23 | 875076: География ОГЭ (Стандарт) — Октябрь 2022, 2210, True
18:37:23 | 875076: Обществознание ОГЭ (Стандарт) — Октябрь 2022, 2430, True
18:37:23 | 875119: История (Стандарт) — Октябрь 2022, 3690, True
18:37:23 | 875129: Физика с Максом (Стандарт) — Октябрь 2022, 3690, True
18:37:23 | 875167: Биология ОГЭ с Еленой (Стандарт) — Октябрь 2022, 2400, True
18:37:24 | 875255: Обществознание ОГЭ (Стандарт) — Октябрь 2022, 2900, True
18:37:25 | 875296: Пакет обществознание с Ильёй — 10 класс (Про) 8 месяцев октябрь-май, 25775, True
18:37:25 | 875317: Математика ОГЭ с Семёном (Про) — Октябрь 2022, 3080, True
18:37:25 | 875326: Обществознание ОГЭ (Про) — Октябрь 2022, 3580, True
18:37:25 | 875326: Биология ОГЭ с Еленой (Про) — Октябрь 2022, 3010, True
18:37:25 | 875379: Пакет литература (Про) 7.5 месяцев октябрь-май, 30980, True
18:37:25 | 875390: Обществознание (Про) — Октябрь 2022, 4490, True
18:37:25 | 875390: Биология с Линой (Про) — Октябрь 2022, 3680, True
18:37:26 | 875534: Пакет информатика ОГЭ (Стандарт) 7.5 месяцев октябрь-май, 19575, True
18:37:26 | 875534: Пакет география ОГЭ (Стандарт) 7.5 месяцев октябрь-май, 16470, True
18:37:26 | 875544: Математика ОГЭ с Даниром (Стандарт) — Октябрь 2022, 2900, True
18:37:26 | 875558: Русский язык (Про) — Октябрь 2022, 4490, True
18:37:26 | 875632: Пакет обществознание (Про) 7.5 месяцев октябрь-май, 30980, True
18:37:27 | 875636: Информатика (Стандарт) — Октябрь 2022, 3506, True
18:37:27 | 875696: Пакет литература (Про) 7.5 месяцев октябрь-май, 30980, True
18:37:27 | 875843: Математика — 10 класс (Стандарт) — Октябрь 2022, 2900, True
18:37:28 | 875886: Биология с Жанной (Стандарт) — Октябрь 2022, 3690, True
18:37:28 | 875887: Физика с Азатом (Стандарт) — Октябрь 2022, 3690, True
18:37:28 | 875909: Физика с Максом (Стандарт) — Октябрь 2022, 3690, True
18:37:28 | 875910: Математика ОГЭ с Даниром (Стандарт) — Октябрь 2022, 2900, True
18:37:28 | 875911: Литература (Стандарт) — Октябрь 2022, 3690, True
18:37:28 | 875931: Обществознание (Стандарт) — Сентябрь 2022, 3690, True
18:37:28 | 875934: Литература (Стандарт) — Октябрь 2022, 3690, True
18:37:28 | 875937: Обществознание ОГЭ (Про) — Октябрь 2022, 3580, True
18:37:29 | 875991: Русский язык (Стандарт) — Октябрь 2022, 3690, True
18:37:29 | 875991: Литература (Стандарт) — Октябрь 2022, 3025, True
18:37:29 | 876000: Биология с Жанной (Стандарт) — Октябрь 2022, 3690, True
18:37:29 | 876007: Русский язык — 10 класс (Про) — Октябрь 2022, 3580, True
18:37:29 | 876030: Математика ОГЭ с Даниром (Про) — Октябрь 2022, 3580, False
18:37:29 | 876037: Русский язык (Стандарт) — Октябрь 2022, 3190, True
18:37:30 | 876084: Обществознание с Ильёй — 10 класс (Стандарт) — Октябрь 2022, 2900, True
18:37:30 | 876089: Русский язык (Стандарт) — Октябрь 2022, 3690, True
18:37:30 | 876129: Профильная математика с Андреем (Стандарт) — Октябрь 2022, 3690, True
18:37:30 | 876129: Физика с Максом (Про) — Октябрь 2022, 3680, True
18:37:31 | 876189: Английский язык с Шерин (Стандарт) — Октябрь 2022, 3690, True
18:37:31 | 876221: Математика ОГЭ с Даниром (Стандарт) — Октябрь 2022, 2900, True
18:37:31 | 876221: Обществознание ОГЭ (Стандарт) — Октябрь 2022, 2440, True
18:37:31 | 876231: Математика ОГЭ с Даниром (Стандарт) — Октябрь 2022, 2900, True
18:37:31 | 876261: Русский язык ОГЭ с Ольгой (Премиум) — Октябрь 2022, 4990, True
18:37:32 | 876305: Математика ОГЭ с Даниром (Стандарт) — Октябрь 2022, 2900, True
18:37:32 | 876327: Обществознание ОГЭ (Стандарт) — Октябрь 2022, 2900, True
18:37:32 | 876342: Пакет химия — 10 класс (Про) 8 месяцев октябрь-май, 25775, True
18:37:32 | 876374: Биология с Линой (Стандарт) — Октябрь 2022, 3690, True
18:37:32 | 876398: Обществознание (Про) — Октябрь 2022, 4490, True
18:37:33 | 876402: Обществознание (Стандарт) — Октябрь 2022, 3690, True
18:37:33 | 876408: Физика с Азатом (Стандарт) — Октябрь 2022, 3690, True
18:37:33 | 876409: Пакет математика ОГЭ с Даниром (Про) 7.5 месяцев октябрь-май, 24165, True
18:37:33 | 876415: Математика ОГЭ с Даниром (Стандарт) — Октябрь 2022, 2400, True
18:37:33 | 876415: Обществознание ОГЭ (Стандарт) — Октябрь 2022, 2440, True
18:37:33 | 876421: Обществознание ОГЭ (Про) — Октябрь 2022, 3580, True
18:37:33 | 876434: Пакет литература ОГЭ (Стандарт) 7.5 месяцев октябрь-май, 19575, True
18:37:33 | 876436: Биология — 10 класс (Про) — Октябрь 2022, 3580, True
18:37:33 | 876438: Обществознание (Стандарт) — Октябрь 2022, 3690, True
18:37:33 | 876439: Профильная математика с Артуром (Стандарт) — Октябрь 2022, 3690, True
18:37:33 | 876447: Пакет русский язык (Стандарт) 5 месяцев октябрь-февраль, 17525, True
18:37:33 | 876448: Обществознание (Про) — Октябрь 2022, 4490, True
18:37:33 | 876448: История (Про) — Октябрь 2022, 3680, True
18:37:34 | 876452: Физика ОГЭ (Стандарт) — Октябрь 2022, 2900, True
18:37:34 | 876454: География ОГЭ (Стандарт) — Октябрь 2022, 2900, True
18:37:34 | 876456: Русский язык (Стандарт) — Октябрь 2022, 3190, True
18:37:34 | 876460: Профильная математика с Артуром (Стандарт) — Октябрь 2022, 3690, True
18:37:34 | 876460: Русский язык (Стандарт) — Октябрь 2022, 3025, True
18:37:34 | 876460: Обществознание (Стандарт) — Октябрь 2022, 3025, True
18:37:34 | 876461: Пакет профильная математика с Артуром (Про) 7.5 месяцев октябрь-май, 30980, True
18:37:34 | 876463: Обществознание (Стандарт) — Октябрь 2022, 3690, True
18:37:34 | 876467: Обществознание (Про) — Октябрь 2022, 4266, True
18:37:34 | 876470: Математика ОГЭ с Даниром (Про) — Октябрь 2022, 3580, True
18:37:34 | 876470: Физика ОГЭ (Про) — Октябрь 2022, 3010, True
18:37:34 | 876473: История ОГЭ (Стандарт) — Октябрь 2022, 2900, True
18:37:35 | 876473: Математика ОГЭ с Семёном (Стандарт) — Октябрь 2022, 2440, True
18:37:35 | 876474: Профильная математика с Аделией (Стандарт) — Октябрь 2022, 3690, True
18:37:35 | 876475: Пакет профильная математика с Артуром (Про) 7.5 месяцев октябрь-май, 30980, True
18:37:35 | 876476: Информатика (Стандарт) — Октябрь 2022, 3690, True
18:37:35 | 876484: Информатика (Про) — Октябрь 2022, 4490, True
18:37:35 | 876490: Обществознание ОГЭ (Стандарт) — Октябрь 2022, 2900, True
18:37:35 | 876492: Английский язык с Настей — 10 класс (Стандарт) — Октябрь 2022, 2755, True
18:37:35 | 876495: Профильная математика с Артуром (Про) — Октябрь 2022, 4490, True
18:37:35 | 876495: Пакет профильная математика с Артуром (Про) 6.5 месяцев ноябрь-май, 26490, True
18:37:35 | 876498: Русский язык ОГЭ с Ольгой (Стандарт) — Октябрь 2022, 2900, True
18:37:35 | 876504: Профильная математика с Андреем (Стандарт) — Октябрь 2022, 3690, True
18:37:35 | 876508: Пакет физика — 10 класс (Стандарт) 5 месяцев октябрь-февраль, 13775, True
18:37:35 | 876509: Обществознание (Про) — Октябрь 2022, 4490, True
18:37:35 | 876511: История (Стандарт) — Октябрь 2022, 3690, True
18:37:35 | 876512: Обществознание (Про) — Октябрь 2022, 4490, True
18:37:35 | 876512: История (Про) — Октябрь 2022, 3680, True
18:37:36 | 876516: Литература (Про) — Октябрь 2022, 4490, True
18:37:36 | 876516: Обществознание (Про) — Октябрь 2022, 3680, True
18:37:36 | 876519: История ОГЭ (Стандарт) — Октябрь 2022, 2900, True
18:37:36 | 876520: Русский язык (Про) — Октябрь 2022, 4490, True
18:37:36 | 876527: Биология ОГЭ с Еленой (Стандарт) — Сентябрь 2022, 2900, True
18:37:36 | 876527: Биология ОГЭ с Еленой (Стандарт) — Октябрь 2022, 2900, True
18:37:36 | 876533: Обществознание ОГЭ (Стандарт) — Октябрь 2022, 2900, True
18:37:36 | 876535: Профильная математика с Артуром (Стандарт) — Октябрь 2022, 3690, True
18:37:36 | 876544: Русский язык ОГЭ с Ольгой (Стандарт) — Октябрь 2022, 2900, True
18:37:36 | 876554: Пакет биология — 10 класс (Про) 5 месяцев октябрь-февраль, 17005, True
18:37:36 | 876557: Русский язык (Стандарт) — Сентябрь 2022, 3469, True
18:37:36 | 876557: Обществознание (Стандарт) — Сентябрь 2022, 3025, True
18:37:36 | 876560: Обществознание (Про) — Октябрь 2022, 4490, True
18:37:36 | 876565: Русский язык — 10 класс (Стандарт) — Октябрь 2022, 2900, True
18:37:36 | 876565: Базовая математика (Стандарт) — Октябрь 2022, 2900, True
18:37:36 | 876565: Обществознание с Ильёй — 10 класс (Стандарт) — Октябрь 2022, 2440, True
18:37:36 | 876565: История — 10 класс (Стандарт) — Октябрь 2022, 2210, True
18:37:37 | 876567: Обществознание ОГЭ (Про) — Октябрь 2022, 3580, True
18:37:37 | 876567: Литература ОГЭ (Про) — Октябрь 2022, 3010, True
18:37:37 | 876568: Химия ОГЭ с Александрой (Про) — Октябрь 2022, 3580, True
18:37:37 | 876573: Русский язык (Про) — Октябрь 2022, 4490, True
18:37:37 | 876574: Литература (Про) — Октябрь 2022, 4490, False
18:37:37 | 876578: Профильная математика с Аделией (Стандарт) — Октябрь 2022, 3690, True
18:37:37 | 876580: Русский язык (Стандарт) — Октябрь 2022, 3690, True
18:37:37 | 876580: Профильная математика с Артуром (Стандарт) — Октябрь 2022, 3025, True
18:37:37 | 876580: Информатика (Стандарт) — Октябрь 2022, 3025, True
18:37:37 | 876586: Литература ОГЭ (Стандарт) — Октябрь 2022, 2900, True
18:37:37 | 876587: Профильная математика с Артуром (Про) — Октябрь 2022, 4490, True
18:37:37 | 876587: Обществознание (Про) — Октябрь 2022, 3680, True
18:37:37 | 876594: Обществознание (Про) — Октябрь 2022, 4490, True
18:37:37 | 876594: История (Про) — Октябрь 2022, 3680, True
18:37:37 | 876595: Литература (Про) — Октябрь 2022, 4490, True
18:37:38 | 876603: Обществознание (Стандарт) — Октябрь 2022, 3690, True
18:37:38 | 876610: Обществознание (Стандарт) — Октябрь 2022, 3690, False
18:37:38 | 876611: Физика ОГЭ (Стандарт) — Октябрь 2022, 2900, True
18:37:38 | 876612: Биология ОГЭ с Еленой (Стандарт) — Октябрь 2022, 2900, True
18:37:38 | 876619: Профильная математика с Артуром (Стандарт) — Октябрь 2022, 3690, True
18:37:38 | 876619: Информатика (Стандарт) — Октябрь 2022, 3025, True
18:37:38 | 876620: Обществознание ОГЭ (Стандарт) — Октябрь 2022, 2900, True
18:37:38 | 876626: Английский язык с Настей — 10 класс (Про) — Октябрь 2022, 3580, True
18:37:38 | 876631: Литература ОГЭ (Стандарт) — Октябрь 2022, 2900, True
18:37:38 | 876632: Пакет информатика (Премиум) 7.5 месяцев октябрь-май, 41330, True
18:37:38 | 876633: Математика — 10 класс (Стандарт) — Октябрь 2022, 2755, True
18:37:38 | 876638: История (Стандарт) — Октябрь 2022, 3690, True
18:37:39 | 876640: Химия ОГЭ с Александрой (Про) — Октябрь 2022, 3580, True
18:37:39 | 876642: Русский язык (Стандарт) — Сентябрь 2022, 3690, True
18:37:39 | 876642: Русский язык (Про) — Октябрь 2022, 4490, True
18:37:39 | 876644: Русский язык (Про) — Октябрь 2022, 4490, True
18:37:39 | 876646: Математика — 10 класс (Стандарт) — Октябрь 2022, 2900, True
18:37:39 | 876646: Английский язык с Настей — 10 класс (Стандарт) — Октябрь 2022, 2440, True
18:37:39 | 876649: Пакет русский язык (Стандарт) 7.5 месяцев октябрь-май, 25460, True
18:37:39 | 876649: Пакет профильная математика с Артуром (Стандарт) 7.5 месяцев октябрь-май, 20870, True
18:37:39 | 876649: Пакет физика с Максом (Стандарт) 7.5 месяцев октябрь-май, 20870, True
18:37:39 | 876652: Профильная математика с Артуром (Стандарт) — Октябрь 2022, 3690, True
18:37:39 | 876652: Русский язык (Стандарт) — Октябрь 2022, 3025, True
18:37:39 | 876652: Биология с Линой (Стандарт) — Октябрь 2022, 3025, True
18:37:39 | 876652: Обществознание (Стандарт) — Октябрь 2022, 2810, True
18:37:39 | 876653: Физика — 10 класс (Про) — Октябрь 2022, 3580, True
18:37:39 | 876656: Обществознание (Стандарт) — Октябрь 2022, 3690, True
18:37:40 | 876664: История (Стандарт) — Октябрь 2022, 3690, True
18:37:40 | 876666: Обществознание ОГЭ (Стандарт) — Октябрь 2022, 2900, True
18:37:40 | 876670: Русский язык (Стандарт) — Октябрь 2022, 3190, True
18:37:40 | 876677: История (Про) — Октябрь 2022, 4490, True
18:37:40 | 876683: Обществознание (Стандарт) — Октябрь 2022, 3690, True
18:37:40 | 876685: Обществознание (Про) — Октябрь 2022, 4490, True
18:37:40 | 876688: Пакет математика ОГЭ с Даниром (Стандарт) 8.5 месяцев сентябрь-май, 22185, True
18:37:41 | 876691: Физика ОГЭ (Про) — Октябрь 2022, 3580, True
18:37:41 | 876694: Пакет обществознание (Про) 7.5 месяцев октябрь-май, 30980, True
18:37:41 | 876694: Пакет история (Про) 7.5 месяцев октябрь-май, 25390, True
18:37:41 | 876696: Пакет русский язык (Стандарт) 7.5 месяцев октябрь-май, 25460, True
18:37:41 | 876696: Пакет информатика (Стандарт) 7.5 месяцев октябрь-май, 20870, True
18:37:41 | 876696: Пакет профильная математика с Артуром (Стандарт) 7.5 месяцев октябрь-май, 20870, True
18:37:41 | 876697: Биология с Жанной (Про) — Октябрь 2022, 4490, True
18:37:41 | 876699: Обществознание (Стандарт) — Октябрь 2022, 3690, False
18:37:41 | 876702: Химия с Богданом (Стандарт) — Октябрь 2022, 3690, True
18:37:41 | 876703: Биология — 10 класс (Стандарт) — Октябрь 2022, 2900, True
18:37:41 | 876707: Пакет химия с Богданом (Стандарт) 7.5 месяцев октябрь-май, 25460, True
18:37:41 | 876708: Русский язык (Стандарт) — Октябрь 2022, 3690, True
18:37:41 | 876708: Профильная математика с Артуром (Стандарт) — Октябрь 2022, 3025, True
18:37:41 | 876714: Пакет биология ОГЭ с Еленой (Стандарт) 5 месяцев октябрь-февраль, 13775, True
18:37:41 | 876719: Математика ОГЭ с Даниром (Стандарт) — Октябрь 2022, 2900, True
18:37:41 | 876723: Математика ОГЭ с Даниром (Про) — Октябрь 2022, 3580, True
18:37:41 | 876730: Физика — 10 класс (Стандарт) — Октябрь 2022, 2900, True
18:37:41 | 876731: Математика ОГЭ с Даниром (Стандарт) — Октябрь 2022, 2900, True
18:37:41 | 876732: Математика ОГЭ с Даниром (Стандарт) — Октябрь 2022, 2900, True
18:37:41 | 876736: Информатика ОГЭ (Стандарт) — Октябрь 2022, 2900, True
18:37:41 | 876737: Литература (Премиум) — Октябрь 2022, 5990, True
18:37:41 | 876738: История (Стандарт) — Октябрь 2022, 3690, True
18:37:41 | 876740: Информатика ОГЭ (Стандарт) — Октябрь 2022, 2900, True
18:37:41 | 876744: Обществознание (Стандарт) — Октябрь 2022, 3690, True
18:37:42 | 876748: Литература (Стандарт) — Октябрь 2022, 3690, True
18:37:42 | 876753: Обществознание (Про) — Октябрь 2022, 3990, True
18:37:42 | 876754: Обществознание ОГЭ (Про) — Октябрь 2022, 3580, True
18:37:42 | 876757: Математика ОГЭ с Даниром (Про) — Октябрь 2022, 3480, True
18:37:42 | 876760: Биология с Жанной (Стандарт) — Октябрь 2022, 3690, True
18:37:42 | 876762: Информатика ОГЭ (Стандарт) — Октябрь 2022, 2900, True
18:37:42 | 876764: Биология ОГЭ с Никитой (Стандарт) — Октябрь 2022, 2900, True
18:37:42 | 876765: Математика — 10 класс (Стандарт) — Октябрь 2022, 2900, True
18:37:42 | 876769: История ОГЭ (Стандарт) — Октябрь 2022, 2900, True
18:37:42 | 876775: Химия с Настей (Стандарт) — Октябрь 2022, 3690, True
18:37:42 | 876775: Биология с Жанной (Стандарт) — Октябрь 2022, 3025, True
18:37:42 | 876775: Химия с Настей (Стандарт) — Сентябрь 2022, 3690, True
18:37:42 | 876782: Информатика (Стандарт) — Октябрь 2022, 3690, True
18:37:42 | 876786: Пакет химия ОГЭ с Александрой (Стандарт) 5 месяцев октябрь-февраль, 13775, True
18:37:42 | 876789: Обществознание (Про) — Октябрь 2022, 4490, True
18:37:43 | 876792: Литература (Стандарт) — Сентябрь 2022, 3690, True
18:37:43 | 876793: История (Стандарт) — Октябрь 2022, 3690, True
18:37:43 | 876796: Литература (Про) — Октябрь 2022, 4490, True
18:37:43 | 876798: Физика с Максом (Стандарт) — Октябрь 2022, 3690, True
18:37:43 | 876802: Русский язык (Стандарт) — Октябрь 2022, 3690, True
18:37:43 | 876802: Английский язык с Шерин (Стандарт) — Октябрь 2022, 2525, True
18:37:43 | 876804: Математика ОГЭ с Даниром (Стандарт) — Октябрь 2022, 2900, True
18:37:43 | 876812: Обществознание ОГЭ (Про) — Октябрь 2022, 3080, True
18:37:43 | 876812: Обществознание ОГЭ (Стандарт) — Сентябрь 2022, 2900, True
18:37:44 | 876822: Биология с Жанной (Стандарт) — Октябрь 2022, 3690, True
18:37:44 | 876823: Обществознание с Ильёй — 10 класс (Стандарт) — Октябрь 2022, 2900, True
18:37:44 | 876828: Обществознание ОГЭ (Про) — Октябрь 2022, 3580, True
18:37:44 | 876831: Пакет история ОГЭ (Про) 5 месяцев октябрь-февраль, 17005, True
18:37:44 | 876844: Обществознание (Стандарт) — Октябрь 2022, 3690, True
18:37:44 | 876852: Русский язык (Стандарт) — Октябрь 2022, 3690, True
18:37:44 | 876854: Математика ОГЭ с Даниром (Про) — Октябрь 2022, 3580, True
18:37:44 | 876867: Биология с Жанной (Стандарт) — Октябрь 2022, 3690, True
18:37:44 | 876872: Обществознание ОГЭ (Про) — Октябрь 2022, 3580, True
18:37:44 | 876878: Профильная математика с Андреем (Премиум) — Октябрь 2022, 5990, True
18:37:44 | 876878: Базовая математика (Стандарт) — Октябрь 2022, 0, True
18:37:45 | 876887: Химия ОГЭ с Денисом (Про) — Октябрь 2022, 3580, True
18:37:45 | 876889: Физика ОГЭ (Стандарт) — Октябрь 2022, 2900, True
18:37:45 | 876890: Математика ОГЭ с Даниром (Про) — Октябрь 2022, 3580, True
18:37:45 | 876898: Обществознание (Стандарт) — Октябрь 2022, 3690, True
18:37:45 | 876904: Пакет литература (Стандарт) 7.5 месяцев октябрь-май, 25460, True
18:37:45 | 876905: Пакет химия ОГЭ с Александрой (Про) 7.5 месяцев октябрь-май, 24165, True
18:37:45 | 876905: Пакет биология ОГЭ с Еленой (Про) 7.5 месяцев октябрь-май, 20315, True
18:37:45 | 876915: Русский язык ОГЭ с Ольгой (Про) — Октябрь 2022, 3580, True
18:37:45 | 876918: Обществознание (Стандарт) — Октябрь 2022, 3690, True
18:37:45 | 876919: История (Стандарт) — Октябрь 2022, 3506, True
18:37:45 | 876921: Английский язык ОГЭ (Стандарт) — Октябрь 2022, 2900, True
18:37:45 | 876930: Русский язык ОГЭ с Ольгой (Стандарт) — Октябрь 2022, 2400, True
18:37:45 | 876931: Химия — 10 класс (Стандарт) — Сентябрь 2022, 2900, True
18:37:45 | 876933: Пакет биология ОГЭ с Еленой (Стандарт) 7.5 месяцев октябрь-май, 19575, True
18:37:46 | 876936: Химия ОГЭ с Александрой (Про) — Октябрь 2022, 3580, True
18:37:46 | 876936: Биология ОГЭ с Никитой (Про) — Октябрь 2022, 3010, True
18:37:46 | 876938: История (Стандарт) — Октябрь 2022, 3690, True
18:37:46 | 876947: История ОГЭ (Стандарт) — Октябрь 2022, 2900, True
18:37:46 | 876951: Профильная математика с Андреем (Про) — Октябрь 2022, 4490, True
18:37:46 | 876951: Информатика (Про) — Октябрь 2022, 3680, True
18:37:46 | 876952: Профильная математика с Артуром (Стандарт) — Октябрь 2022, 3690, True
18:37:46 | 876952: Физика с Максом (Стандарт) — Октябрь 2022, 3025, True
18:37:46 | 876952: Информатика (Стандарт) — Октябрь 2022, 3025, True
18:37:46 | 876955: Физика ОГЭ (Про) — Октябрь 2022, 3580, True
18:37:46 | 876962: Обществознание ОГЭ (Про) — Октябрь 2022, 3580, True
18:37:46 | 876967: Обществознание (Про) — Октябрь 2022, 3990, True
18:37:46 | 876975: История (Стандарт) — Октябрь 2022, 3690, True
18:37:47 | 876985: Обществознание (Стандарт) — Октябрь 2022, 3690, True
18:37:47 | 876992: Математика ОГЭ с Даниром (Стандарт) — Октябрь 2022, 2900, True
18:37:47 | 876993: Русский язык (Стандарт) — Октябрь 2022, 3190, True
18:37:47 | 876998: Русский язык (Про) — Октябрь 2022, 4490, True
18:37:47 | 877001: Профильная математика с Артуром (Про) — Октябрь 2022, 3990, True
18:37:47 | 877005: Русский язык — 10 класс (Про) — Октябрь 2022, 3580, True
18:37:47 | 877006: География (Стандарт) — Сентябрь 2022, 3690, True
18:37:47 | 877006: География (Стандарт) — Октябрь 2022, 3690, False
18:37:47 | 877007: Литература (Стандарт) — Октябрь 2022, 3690, True
18:37:47 | 877008: География (Стандарт) — Октябрь 2022, 3690, True
18:37:47 | 877009: Пакет история ОГЭ (Стандарт) 5 месяцев октябрь-февраль, 13775, True
18:37:47 | 877016: Пакет английский язык ОГЭ (Стандарт) 7.5 месяцев октябрь-май, 19575, True
18:37:47 | 877019: Английский язык с Миленой (Стандарт) — Октябрь 2022, 3690, True
18:37:48 | 877021: Русский язык ОГЭ с Ольгой (Стандарт) — Октябрь 2022, 2900, True
18:37:48 | 877025: Математика ОГЭ с Даниром (Стандарт) — Октябрь 2022, 2900, True
18:37:48 | 877029: История ОГЭ (Стандарт) — Октябрь 2022, 2900, True
18:37:48 | 877051: История (Стандарт) — Октябрь 2022, 3506, True
18:37:48 | 877053: Русский язык (Стандарт) — Октябрь 2022, 3690, True
18:37:49 | 877084: Математика ОГЭ с Даниром (Стандарт) — Октябрь 2022, 2400, False
18:37:51 | 877141: Химия ОГЭ с Александрой (Стандарт) — Октябрь 2022, 2440, True
18:38:25 | 877950: Литература (Стандарт) — Октябрь 2022, 3690, False
18:38:48 | 878546: Русский язык (Стандарт) — Октябрь 2022, 3690, True
18:38:49 | 878546: Русский язык ОГЭ с Ольгой (Стандарт) — Октябрь 2022, 0, True
18:38:56 | 878704: Русский язык (Стандарт) — Октябрь 2022, 3190, True
18:39:15 | 879247: Математика ОГЭ с Даниром (Премиум) — Октябрь 2022, 4990, True
18:39:44 | 880115: Пакет русский язык ОГЭ с Ольгой (Про) 5 месяцев октябрь-февраль, 17005, True
18:39:44 | 880115: Пакет обществознание ОГЭ (Про) 5 месяцев октябрь-февраль, 13585, True
18:39:44 | 880115: Пакет география ОГЭ (Про) 5 месяцев октябрь-февраль, 14295, True
18:39:54 | 880400: Информатика (Стандарт) — Октябрь 2022, 3690, True
18:39:54 | 880412: Профильная математика с Артуром (Стандарт) — Сентябрь 2022, 0, True
18:39:56 | 880452: Обществознание ОГЭ (Стандарт) — Октябрь 2022, 2400, True
18:39:57 | 880499: Обществознание (Про) — Октябрь 2022, 0, True
18:39:58 | 880499: Английский язык с Шерин (Про) — Октябрь 2022, 0, True
18:40:00 | 880575: История (Стандарт) — Октябрь 2022, 3690, True
18:40:10 | 880877: Пакет русский язык — 10 класс (Про) 8 месяцев октябрь-май, 25775, True
18:40:10 | 880877: Пакет математика — 10 класс (Про) 8 месяцев октябрь-май, 21670, True
18:40:10 | 880877: Пакет физика — 10 класс (Про) 8 месяцев октябрь-май, 20590, True
18:40:12 | 880925: Русский язык ОГЭ с Ольгой (Стандарт) — Октябрь 2022, 2400, True
18:40:12 | 880925: Математика ОГЭ с Даниром (Стандарт) — Октябрь 2022, 2210, True
18:40:12 | 880925: Обществознание ОГЭ (Стандарт) — Октябрь 2022, 2440, True
18:40:12 | 880925: Английский язык ОГЭ (Стандарт) — Октябрь 2022, 2309, True
18:40:16 | 880972: Обществознание ОГЭ (Стандарт) — Октябрь 2022, 2900, True
18:40:20 | 881026: Биология ОГЭ с Еленой (Про) — Октябрь 2022, 3580, False
18:40:21 | 881055: Обществознание (Про) — Октябрь 2022, 4490, True
18:40:21 | 881061: Биология ОГЭ с Еленой (Про) — Октябрь 2022, 3580, True
18:40:21 | 881064: История — 10 класс (Стандарт) — Октябрь 2022, 2900, True
18:40:21 | 881068: Обществознание (Стандарт) — Октябрь 2022, 3690, True
18:40:21 | 881070: Профильная математика с Артуром (Стандарт) — Октябрь 2022, 3690, True
18:40:21 | 881074: Математика — 10 класс (Стандарт) — Октябрь 2022, 2900, True
18:40:22 | 881087: Биология — 10 класс (Про) — Октябрь 2022, 3580, True
18:40:22 | 881108: Пакет биология ОГЭ с Еленой (Про) 7.5 месяцев октябрь-май, 24165, True
18:40:22 | 881109: Обществознание ОГЭ (Стандарт) — Октябрь 2022, 2900, False
18:40:24 | 881191: Русский язык (Про) — Октябрь 2022, 4490, True
18:40:26 | 881264: Русский язык (Про) — Октябрь 2022, 4490, True
18:40:26 | 881266: Русский язык (Стандарт) — Октябрь 2022, 3690, True
18:40:26 | 881271: Литература (Стандарт) — Октябрь 2022, 3690, True
18:40:26 | 881274: Профильная математика с Аделией (Про) — Октябрь 2022, 4490, True
18:40:26 | 881284: История ОГЭ (Стандарт) — Сентябрь 2022, 2900, True
18:40:26 | 881286: Литература (Стандарт) — Октябрь 2022, 3690, True
18:40:26 | 881287: Литература (Про) — Октябрь 2022, 4490, True
18:40:26 | 881288: Английский язык с Миленой (Стандарт) — Октябрь 2022, 3690, True
18:40:26 | 881298: История (Стандарт) — Октябрь 2022, 3690, True
18:40:26 | 881299: История ОГЭ (Стандарт) — Октябрь 2022, 2900, True
18:40:26 | 881304: Профильная математика с Артуром (Стандарт) — Октябрь 2022, 3690, True
18:40:26 | 881307: Литература (Про) — Октябрь 2022, 4490, True
18:40:26 | 881309: Обществознание ОГЭ (Стандарт) — Октябрь 2022, 2400, True
18:40:26 | 881310: Химия ОГЭ с Денисом (Стандарт) — Октябрь 2022, 2900, True
18:40:26 | 881325: Физика с Максом (Стандарт) — Октябрь 2022, 3690, True
18:40:26 | 881327: Математика ОГЭ с Даниром (Про) — Октябрь 2022, 3580, True
18:40:26 | 881335: Биология с Жанной (Стандарт) — Октябрь 2022, 3190, True
18:40:27 | 881350: Пакет история (Стандарт) 7.5 месяцев октябрь-май, 25460, True
