13:49:02 | 124919: Английский язык с Шерин (Про) — Октябрь 2022, 3680, True
13:49:02 | 187314: Базовая математика (Стандарт) — Октябрь 2022, 2900, True
13:49:02 | 216601: Химия — 10 класс (Стандарт) — Октябрь 2022, 2210, True
13:49:02 | 216601: Русский язык — 10 класс (Стандарт) — Октябрь 2022, 2900, True
13:49:02 | 216601: Биология — 10 класс (Стандарт) — Октябрь 2022, 2440, True
13:49:02 | 246469: Русский язык (Стандарт) — Октябрь 2022, 3690, True
13:49:02 | 246469: Информатика (Стандарт) — Октябрь 2022, 3025, True
13:49:02 | 246469: Профильная математика с Артуром (Стандарт) — Октябрь 2022, 3025, True
13:49:02 | 296192: Русский язык (Стандарт) — Октябрь 2022, 3690, True
13:49:02 | 298303: Биология с Жанной (Стандарт) — Октябрь 2022, 3025, True
13:49:02 | 384276: Обществознание (Про) — Октябрь 2022, 3680, True
13:49:02 | 450067: Биология с Жанной (Стандарт) — Октябрь 2022, 3690, True
13:49:02 | 558004: Математика ОГЭ с Даниром (Стандарт) — Октябрь 2022, 2900, True
13:49:02 | 558004: Русский язык ОГЭ с Ольгой (Стандарт) — Октябрь 2022, 2440, False
13:49:02 | 564895: Профильная математика с Артуром (Стандарт) — Октябрь 2022, 3025, True
13:49:02 | 581130: Математика — 10 класс (Стандарт) — Октябрь 2022, 2900, True
13:49:02 | 592080: Пакет профильная математика с Аделией (Стандарт) 4 месяца октябрь-январь, 14020, True
13:49:02 | 592080: Пакет информатика (Стандарт) 4 месяца октябрь-январь, 11495, True
13:49:02 | 637829: Математика ОГЭ с Даниром (Стандарт) — Октябрь 2022, 2755, True
13:49:02 | 637829: Русский язык ОГЭ с Ольгой (Стандарт) — Октябрь 2022, 2318, True
13:49:02 | 793013: Биология с Жанной (Стандарт) — Октябрь 2022, 3690, False
13:49:02 | 793895: Биология с Линой (Премиум) — Октябрь 2022, 5990, True
13:49:03 | 799906: Профильная математика с Артуром (Про) — Октябрь 2022, 3680, True
13:49:03 | 804566: Химия с Настей (Стандарт) — Октябрь 2022, 1, True
13:49:03 | 807480: Информатика (Стандарт) — Октябрь 2022, 3025, True
13:49:03 | 812365: Математика ОГЭ с Семёном (Стандарт) — Октябрь 2022, 2440, True
13:49:03 | 830184: Обществознание (Стандарт) — Октябрь 2022, 3690, True
13:49:03 | 840046: Биология ОГЭ с Еленой (Стандарт) — Октябрь 2022, 2440, True
13:49:03 | 841869: Русский язык (Стандарт) — Октябрь 2022, 3690, True
13:49:03 | 841869: Информатика (Стандарт) — Октябрь 2022, 3025, True
13:49:03 | 842961: История — 10 класс (Стандарт) — Октябрь 2022, 2900, True
13:49:03 | 844616: Обществознание ОГЭ (Стандарт) — Октябрь 2022, 2900, False
13:49:03 | 854042: Обществознание ОГЭ (Стандарт) — Октябрь 2022, 2900, True
13:49:03 | 865845: Математика ОГЭ с Даниром (Стандарт) — Октябрь 2022, 2400, True
13:49:03 | 871397: Литература (Стандарт) — Октябрь 2022, 3190, True
13:49:03 | 878656: Профильная математика с Артуром (Стандарт) — Октябрь 2022, 3690, True
13:49:03 | 878656: Английский язык с Миленой (Стандарт) — Октябрь 2022, 3025, True
13:49:03 | 880711: Русский язык (Стандарт) — Октябрь 2022, 3690, True
13:49:03 | 882758: Математика ОГЭ с Даниром (Стандарт) — Октябрь 2022, 2900, True
13:49:03 | 883123: Русский язык (Про) — Октябрь 2022, 4490, True
13:49:03 | 883123: Профильная математика с Артуром (Про) — Октябрь 2022, 3680, True
13:49:03 | 883205: Литература ОГЭ (Про) — Октябрь 2022, 3580, True
13:49:03 | 883519: Обществознание с Ильёй — 10 класс (Стандарт) — Октябрь 2022, 2400, True
13:49:03 | 883535: Информатика ОГЭ (Про) — Октябрь 2022, 3580, True
13:49:03 | 883539: Английский язык с Настей — 10 класс (Стандарт) — Октябрь 2022, 2900, True
13:49:03 | 883540: Литература (Стандарт) — Октябрь 2022, 3690, True
13:49:03 | 883541: Химия — 10 класс (Стандарт) — Октябрь 2022, 2900, True
13:49:03 | 883545: Математика ОГЭ с Даниром (Стандарт) — Октябрь 2022, 2900, True
13:49:04 | 883549: Химия с Настей (Стандарт) — Октябрь 2022, 3690, True
13:49:04 | 883551: История (Про) — Октябрь 2022, 4490, True
13:49:04 | 883556: Обществознание (Стандарт) — Октябрь 2022, 3690, True
13:49:04 | 883558: Информатика (Стандарт) — Октябрь 2022, 3690, True
13:49:04 | 883570: Пакет химия с Настей (Про) 7.5 месяцев октябрь-май, 30980, False
13:49:04 | 883580: Обществознание ОГЭ (Про) — Октябрь 2022, 3580, True
13:49:04 | 883582: Пакет биология с Жанной (Стандарт) 7.5 месяцев октябрь-май, 25460, True
13:49:04 | 883588: Обществознание ОГЭ (Стандарт) — Октябрь 2022, 2900, True
13:49:04 | 883598: Информатика ОГЭ (Стандарт) — Октябрь 2022, 2900, True
13:49:04 | 883608: Информатика (Стандарт) — Октябрь 2022, 3690, True
13:49:04 | 883609: Биология ОГЭ с Еленой (Стандарт) — Октябрь 2022, 2900, True
16:06:14 | 187590: Обществознание ОГЭ (Стандарт) — Октябрь 2022, 2440, True
16:06:14 | 361525: История (Стандарт) — Октябрь 2022, 3690, True
16:06:14 | 361525: Русский язык (Стандарт) — Октябрь 2022, 3025, True
16:06:14 | 434324: Математика — 10 класс (Стандарт) — Ноябрь 2022, 0, True
16:06:14 | 434324: Математика — 10 класс (Стандарт) — Декабрь 2022, 0, True
16:06:14 | 434324: Математика — 10 класс (Стандарт) — Январь 2023, 0, True
16:06:14 | 439404: Русский язык — 10 класс (Стандарт) — Октябрь 2022, 2900, True
16:06:14 | 439404: Математика — 10 класс (Стандарт) — Октябрь 2022, 2440, True
16:06:14 | 439404: Информатика — 10 класс (Стандарт) — Октябрь 2022, 2210, True
16:06:14 | 450303: Информатика (Стандарт) — Октябрь 2022, 3690, True
16:06:14 | 526050: Русский язык (Про) — Октябрь 2022, 4490, True
16:06:14 | 527538: Пакет профильная математика с Артуром (Про) 7.5 месяцев октябрь-май, 25390, True
16:06:14 | 564901: Русский язык (Стандарт) — Октябрь 2022, 3690, True
16:06:14 | 755320: Русский язык — 10 класс (Стандарт) — Октябрь 2022, 2900, True
16:06:14 | 755320: Обществознание с Ильёй — 10 класс (Стандарт) — Октябрь 2022, 2440, True
16:06:14 | 755320: История (Стандарт) — Октябрь 2022, 3690, True
16:06:14 | 770325: Профильная математика с Артуром (Стандарт) — Октябрь 2022, 3025, True
16:06:14 | 823223: География ОГЭ (Стандарт) — Сентябрь 2022, 2755, True
16:06:14 | 823657: Профильная математика с Андреем (Про) — Октябрь 2022, 4490, True
16:06:14 | 828596: Русский язык (Стандарт) — Октябрь 2022, 2810, True
16:06:14 | 836352: Физика с Максом (Стандарт) — Октябрь 2022, 3690, True
16:06:15 | 836352: Профильная математика с Артуром (Стандарт) — Октябрь 2022, 3025, True
16:06:15 | 840078: Русский язык (Стандарт) — Октябрь 2022, 3690, True
16:06:15 | 840078: Профильная математика с Андреем (Стандарт) — Октябрь 2022, 3025, True
16:06:15 | 840078: Физика с Максом (Стандарт) — Октябрь 2022, 3025, True
16:06:15 | 841152: Обществознание (Стандарт) — Октябрь 2022, 3690, True
16:06:15 | 843606: История — 10 класс (Стандарт) — Октябрь 2022, 2755, True
16:06:15 | 849572: Химия ОГЭ с Денисом (Стандарт) — Октябрь 2022, 2900, False
16:06:15 | 850288: Обществознание (Стандарт) — Ноябрь 2022, 0, True
16:06:15 | 850288: Обществознание (Стандарт) — Декабрь 2022, 0, True
16:06:15 | 850288: Обществознание (Стандарт) — Январь 2023, 0, True
16:06:15 | 850288: Обществознание (Стандарт) — Февраль 2023, 0, True
16:06:15 | 850288: Обществознание (Стандарт) — Март 2023, 0, True
16:06:15 | 850288: Обществознание (Стандарт) — Апрель 2023, 0, True
16:06:15 | 850288: Обществознание (Стандарт) — Май 2023, 0, True
16:06:15 | 854987: Литература ОГЭ (Стандарт) — Октябрь 2022, 2900, True
16:06:15 | 857017: Профильная математика с Андреем (Стандарт) — Октябрь 2022, 3690, True
16:06:15 | 857017: Обществознание (Стандарт) — Октябрь 2022, 3025, True
16:06:15 | 860167: Пакет обществознание (Стандарт) 5 месяцев октябрь-февраль, 17525, True
16:06:15 | 873091: Пакет профильная математика с Артуром (Про) 7.5 месяцев октябрь-май, 4515, True
16:06:15 | 874854: Физика с Максом (Про) — Октябрь 2022, 3680, True
16:06:15 | 875729: Биология с Линой (Стандарт) — Октябрь 2022, 3690, True
16:06:16 | 875729: Химия с Богданом (Стандарт) — Октябрь 2022, 3025, True
16:06:16 | 878998: Литература (Про) — Октябрь 2022, 4490, True
16:06:16 | 879130: История (Стандарт) — Октябрь 2022, 3690, True
16:06:16 | 880434: Физика с Максом (Стандарт) — Октябрь 2022, 3506, True
16:06:16 | 880765: Пакет обществознание (Стандарт) 7.5 месяцев октябрь-май, 25460, True
16:06:16 | 882656: Профильная математика с Артуром (Стандарт) — Октябрь 2022, 3690, True
16:06:16 | 882909: Физика ОГЭ (Стандарт) — Октябрь 2022, 2900, False
16:06:16 | 882931: Русский язык ОГЭ с Настей (Про) — Октябрь 2022, 3580, False
16:06:16 | 883583: Химия ОГЭ с Александрой (Стандарт) — Октябрь 2022, 2440, True
16:06:16 | 883587: Математика — 10 класс (Стандарт) — Октябрь 2022, 2900, True
16:06:16 | 883628: Литература (Про) — Октябрь 2022, 4490, True
16:06:16 | 883643: Физика с Максом (Стандарт) — Октябрь 2022, 3690, False
16:06:16 | 883669: Литература ОГЭ (Про) — Октябрь 2022, 3580, True
16:06:16 | 883691: Обществознание ОГЭ (Стандарт) — Октябрь 2022, 2900, False
16:06:16 | 883704: Математика ОГЭ с Даниром (Про) — Октябрь 2022, 3580, True
16:06:17 | 883704: Биология ОГЭ с Еленой (Про) — Октябрь 2022, 3010, True
16:06:17 | 883704: Химия ОГЭ с Александрой (Про) — Октябрь 2022, 2860, True
16:06:17 | 883712: История (Стандарт) — Октябрь 2022, 3690, True
16:06:17 | 883718: Обществознание (Про) — Октябрь 2022, 800, False
16:06:17 | 883721: Обществознание ОГЭ (Стандарт) — Октябрь 2022, 2900, True
16:06:17 | 883725: Русский язык (Стандарт) — Октябрь 2022, 3690, True
16:06:17 | 883731: Пакет русский язык (Про) 5 месяцев октябрь-февраль, 21325, True
16:06:17 | 883731: Пакет биология с Жанной (Про) 5 месяцев октябрь-февраль, 17480, True
16:06:17 | 883731: Пакет обществознание (Про) 5 месяцев октябрь-февраль, 17480, True
16:06:17 | 883739: Биология — 10 класс (Про) — Октябрь 2022, 3580, True
16:06:17 | 883739: Химия — 10 класс (Про) — Октябрь 2022, 3010, True
16:06:17 | 883747: Обществознание (Про) — Октябрь 2022, 4490, False
16:06:17 | 883758: Физика — 10 класс (Про) — Октябрь 2022, 3580, True
16:06:17 | 883766: Обществознание (Стандарт) — Октябрь 2022, 3690, True
16:06:17 | 883766: История (Стандарт) — Октябрь 2022, 3025, True
16:06:17 | 883777: Пакет физика ОГЭ (Стандарт) 7.5 месяцев октябрь-май, 19575, True
16:06:17 | 883791: Литература (Про) — Октябрь 2022, 4490, False
16:06:17 | 883797: Профильная математика с Артуром (Стандарт) — Октябрь 2022, 3506, True
16:06:17 | 883807: Обществознание ОГЭ (Про) — Октябрь 2022, 3580, True
16:21:14 | 38921: Оцени свой уровень знаний по русскому языку, 0, True
16:21:14 | 38921: Оцени свой уровень знаний по обществознанию, 0, True
16:21:14 | 38921: Оцени свой уровень знаний по английскому языку, 0, True
16:21:14 | 38921: Оцени свой уровень знаний по английскому языку, 0, True
16:21:14 | 38921: Оцени свой уровень знаний по истории, 0, True
16:21:14 | 38921: Оцени свой уровень знаний по математике, 0, True
16:21:14 | 38921: Оцени свой уровень знаний по литературе, 0, True
16:21:14 | 38921: Оцени свой уровень знаний по литературе, 0, True
16:21:14 | 38921: Оцени свой уровень знаний по истории, 0, True
16:21:14 | 38921: Оцени свой уровень знаний по биологии, 0, True
16:21:14 | 38921: Оцени свой уровень знаний по математике, 0, True
16:21:15 | 38921: Оцени свой уровень знаний по русскому языку, 0, True
16:21:15 | 38921: Оцени свой уровень знаний по физике, 0, True
16:21:15 | 38921: Оцени свой уровень знаний по биологии, 0, True
16:21:15 | 38921: Оцени свой уровень знаний по химии, 0, True
16:21:15 | 38921: Оцени свой уровень знаний по информатике, 0, True
16:21:15 | 38921: Оцени свой уровень знаний по географии, 0, True
16:21:15 | 38921: Оцени свой уровень знаний по обществознанию, 0, True
16:21:15 | 38921: Оцени свой уровень знаний по химии, 0, True
16:21:15 | 38921: Оцени свой уровень знаний по физике, 0, True
16:21:27 | 260775: Подготовка к олимпиадам по обществознанию, 0, True
16:22:28 | 735175: Подготовка к олимпиадам по обществознанию, 0, True
16:22:28 | 735175: Подготовка к олимпиадам по обществознанию, 0, False
16:22:29 | 735175: Подготовка к олимпиадам по обществознанию - Октябрь 2022, 0, True
16:22:43 | 786949: Подготовка к олимпиадам по обществознанию, 0, True
16:22:43 | 786949: Подготовка к олимпиадам по обществознанию, 0, True
16:22:43 | 786949: Подготовка к олимпиадам по обществознанию, 0, True
16:23:08 | 808425: Оцени свой уровень знаний по английскому языку, 0, True
16:23:08 | 808425: Оцени свой уровень знаний по английскому языку, 0, True
16:23:08 | 808425: Оцени свой уровень знаний по химии, 0, True
16:23:09 | 808425: Оцени свой уровень знаний по истории, 0, True
16:23:09 | 808425: Оцени свой уровень знаний по географии, 0, True
16:23:09 | 808425: Оцени свой уровень знаний по химии, 0, True
16:23:09 | 808425: Оцени свой уровень знаний по биологии, 0, True
16:23:09 | 808425: Оцени свой уровень знаний по информатике, 0, True
16:23:09 | 808425: Оцени свой уровень знаний по обществознанию, 0, True
16:23:09 | 808425: Оцени свой уровень знаний по физике, 0, True
16:23:09 | 808425: Оцени свой уровень знаний по истории, 0, True
16:23:09 | 808425: Оцени свой уровень знаний по биологии, 0, True
16:23:09 | 808425: Оцени свой уровень знаний по математике, 0, True
16:23:09 | 808425: Оцени свой уровень знаний по русскому языку, 0, True
16:23:09 | 808425: Оцени свой уровень знаний по физике, 0, True
16:23:09 | 808425: Оцени свой уровень знаний по обществознанию, 0, True
16:23:09 | 808425: Оцени свой уровень знаний по русскому языку, 0, True
16:23:10 | 808425: Оцени свой уровень знаний по математике, 0, True
16:23:10 | 808425: Оцени свой уровень знаний по литературе, 0, True
16:23:10 | 808425: Оцени свой уровень знаний по литературе, 0, True
16:24:21 | 851531: Подготовка к олимпиадам по математике, 0, True
16:24:22 | 851531: Подготовка к олимпиадам по истории, 0, True
16:24:22 | 851531: Подготовка к олимпиадам по обществознанию, 0, True
